{"/home/travis/build/npmtest/node-npmtest-lerna/test.js":{"path":"/home/travis/build/npmtest/node-npmtest-lerna/test.js","s":{"1":2,"2":2,"3":2,"4":2,"5":2,"6":2,"7":2,"8":1,"9":2,"10":2,"11":1,"12":1,"13":1,"14":1,"15":2,"16":2,"17":2,"18":2,"19":1,"20":1,"21":2,"22":2,"23":2,"24":1,"25":1,"26":1,"27":1,"28":1,"29":1,"30":1,"31":1,"32":1,"33":1,"34":1,"35":1,"36":1,"37":1,"38":1,"39":2,"40":2,"41":1,"42":2,"43":2,"44":1,"45":2,"46":2,"47":1,"48":2,"49":2,"50":1,"51":1,"52":1,"53":1,"54":1},"b":{"1":[2,1,1,1],"2":[1,1,1,1],"3":[1,1],"4":[1,1],"5":[1,1],"6":[1,1],"7":[1,1],"8":[1,1],"9":[1,1],"10":[1,1,1],"11":[1,1],"12":[1,1],"13":[1,1],"14":[1,1],"15":[1,1],"16":[1,1],"17":[1,1]},"f":{"1":2,"2":2,"3":2,"4":2,"5":2,"6":1,"7":1,"8":1,"9":2,"10":2,"11":2,"12":2,"13":1},"fnMap":{"1":{"name":"(anonymous_1)","line":12,"loc":{"start":{"line":12,"column":1},"end":{"line":12,"column":13}}},"2":{"name":"(anonymous_2)","line":19,"loc":{"start":{"line":19,"column":5},"end":{"line":19,"column":17}}},"3":{"name":"(anonymous_3)","line":23,"loc":{"start":{"line":23,"column":24},"end":{"line":23,"column":36}}},"4":{"name":"(anonymous_4)","line":61,"loc":{"start":{"line":61,"column":5},"end":{"line":61,"column":17}}},"5":{"name":"(anonymous_5)","line":82,"loc":{"start":{"line":82,"column":5},"end":{"line":82,"column":17}}},"6":{"name":"(anonymous_6)","line":91,"loc":{"start":{"line":91,"column":77},"end":{"line":94,"column":10}}},"7":{"name":"(anonymous_7)","line":112,"loc":{"start":{"line":112,"column":83},"end":{"line":115,"column":10}},"skip":true},"8":{"name":"(anonymous_8)","line":123,"loc":{"start":{"line":123,"column":77},"end":{"line":126,"column":10}},"skip":true},"9":{"name":"(anonymous_9)","line":139,"loc":{"start":{"line":139,"column":12},"end":{"line":139,"column":40}},"skip":true},"10":{"name":"(anonymous_10)","line":147,"loc":{"start":{"line":147,"column":77},"end":{"line":150,"column":10}},"skip":true},"11":{"name":"(anonymous_11)","line":158,"loc":{"start":{"line":158,"column":83},"end":{"line":161,"column":10}},"skip":true},"12":{"name":"(anonymous_12)","line":169,"loc":{"start":{"line":169,"column":79},"end":{"line":172,"column":10}},"skip":true},"13":{"name":"(anonymous_13)","line":180,"loc":{"start":{"line":180,"column":75},"end":{"line":183,"column":10}},"skip":true}},"statementMap":{"1":{"start":{"line":12,"column":0},"end":{"line":195,"column":5}},"2":{"start":{"line":14,"column":4},"end":{"line":14,"column":14}},"3":{"start":{"line":19,"column":4},"end":{"line":56,"column":9}},"4":{"start":{"line":21,"column":8},"end":{"line":21,"column":19}},"5":{"start":{"line":23,"column":8},"end":{"line":35,"column":13}},"6":{"start":{"line":24,"column":12},"end":{"line":34,"column":13}},"7":{"start":{"line":25,"column":16},"end":{"line":28,"column":30}},"8":{"start":{"line":30,"column":16},"end":{"line":33,"column":27}},"9":{"start":{"line":37,"column":8},"end":{"line":39,"column":21}},"10":{"start":{"line":40,"column":8},"end":{"line":53,"column":9}},"11":{"start":{"line":43,"column":12},"end":{"line":46,"column":14}},"12":{"start":{"line":47,"column":12},"end":{"line":47,"column":18}},"13":{"start":{"line":50,"column":12},"end":{"line":51,"column":33}},"14":{"start":{"line":52,"column":12},"end":{"line":52,"column":18}},"15":{"start":{"line":55,"column":8},"end":{"line":55,"column":35}},"16":{"start":{"line":61,"column":4},"end":{"line":63,"column":9}},"17":{"start":{"line":62,"column":8},"end":{"line":62,"column":15}},"18":{"start":{"line":64,"column":4},"end":{"line":77,"column":5}},"19":{"start":{"line":70,"column":8},"end":{"line":70,"column":14}},"20":{"start":{"line":76,"column":8},"end":{"line":76,"column":14}},"21":{"start":{"line":82,"column":4},"end":{"line":84,"column":9}},"22":{"start":{"line":83,"column":8},"end":{"line":83,"column":15}},"23":{"start":{"line":85,"column":4},"end":{"line":194,"column":5}},"24":{"start":{"line":91,"column":8},"end":{"line":99,"column":10}},"25":{"start":{"line":98,"column":12},"end":{"line":98,"column":35}},"26":{"start":{"line":102,"column":8},"end":{"line":104,"column":63}},"27":{"start":{"line":105,"column":8},"end":{"line":105,"column":14}},"28":{"start":{"line":112,"column":8},"end":{"line":121,"column":10},"skip":true},"29":{"start":{"line":119,"column":12},"end":{"line":119,"column":55},"skip":true},"30":{"start":{"line":120,"column":12},"end":{"line":120,"column":48},"skip":true},"31":{"start":{"line":123,"column":8},"end":{"line":136,"column":10},"skip":true},"32":{"start":{"line":130,"column":12},"end":{"line":130,"column":76},"skip":true},"33":{"start":{"line":131,"column":12},"end":{"line":131,"column":73},"skip":true},"34":{"start":{"line":132,"column":12},"end":{"line":132,"column":74},"skip":true},"35":{"start":{"line":133,"column":12},"end":{"line":133,"column":79},"skip":true},"36":{"start":{"line":134,"column":12},"end":{"line":134,"column":25},"skip":true},"37":{"start":{"line":135,"column":12},"end":{"line":135,"column":45},"skip":true},"38":{"start":{"line":138,"column":8},"end":{"line":145,"column":14},"skip":true},"39":{"start":{"line":143,"column":16},"end":{"line":143,"column":29},"skip":true},"40":{"start":{"line":144,"column":16},"end":{"line":144,"column":55},"skip":true},"41":{"start":{"line":147,"column":8},"end":{"line":156,"column":10},"skip":true},"42":{"start":{"line":154,"column":12},"end":{"line":154,"column":25},"skip":true},"43":{"start":{"line":155,"column":12},"end":{"line":155,"column":45},"skip":true},"44":{"start":{"line":158,"column":8},"end":{"line":167,"column":10},"skip":true},"45":{"start":{"line":165,"column":12},"end":{"line":165,"column":25},"skip":true},"46":{"start":{"line":166,"column":12},"end":{"line":166,"column":48},"skip":true},"47":{"start":{"line":169,"column":8},"end":{"line":178,"column":10},"skip":true},"48":{"start":{"line":176,"column":12},"end":{"line":176,"column":25},"skip":true},"49":{"start":{"line":177,"column":12},"end":{"line":177,"column":46},"skip":true},"50":{"start":{"line":180,"column":8},"end":{"line":189,"column":10},"skip":true},"51":{"start":{"line":187,"column":12},"end":{"line":187,"column":94},"skip":true},"52":{"start":{"line":188,"column":12},"end":{"line":188,"column":48},"skip":true},"53":{"start":{"line":192,"column":8},"end":{"line":192,"column":35},"skip":true},"54":{"start":{"line":193,"column":8},"end":{"line":193,"column":14},"skip":true}},"branchMap":{"1":{"line":25,"type":"binary-expr","locations":[{"start":{"line":25,"column":23},"end":{"line":25,"column":62}},{"start":{"line":26,"column":20},"end":{"line":26,"column":70}},{"start":{"line":27,"column":20},"end":{"line":27,"column":71}},{"start":{"line":28,"column":20},"end":{"line":28,"column":29}}]},"2":{"line":30,"type":"binary-expr","locations":[{"start":{"line":30,"column":23},"end":{"line":30,"column":37}},{"start":{"line":31,"column":20},"end":{"line":31,"column":61}},{"start":{"line":32,"column":20},"end":{"line":32,"column":70}},{"start":{"line":33,"column":20},"end":{"line":33,"column":26}}]},"3":{"line":37,"type":"cond-expr","locations":[{"start":{"line":38,"column":14},"end":{"line":38,"column":20}},{"start":{"line":39,"column":14},"end":{"line":39,"column":20}}]},"4":{"line":40,"type":"switch","locations":[{"start":{"line":42,"column":8},"end":{"line":47,"column":18}},{"start":{"line":49,"column":8},"end":{"line":52,"column":18}}]},"5":{"line":44,"type":"binary-expr","locations":[{"start":{"line":44,"column":16},"end":{"line":44,"column":44}},{"start":{"line":44,"column":48},"end":{"line":44,"column":66}}]},"6":{"line":50,"type":"binary-expr","locations":[{"start":{"line":50,"column":21},"end":{"line":50,"column":49}},{"start":{"line":50,"column":53},"end":{"line":50,"column":72}}]},"7":{"line":64,"type":"switch","locations":[{"start":{"line":69,"column":4},"end":{"line":70,"column":14}},{"start":{"line":75,"column":4},"end":{"line":76,"column":14}}]},"8":{"line":85,"type":"switch","locations":[{"start":{"line":90,"column":4},"end":{"line":105,"column":14}},{"start":{"line":111,"column":4},"end":{"line":193,"column":14},"skip":true}]},"9":{"line":91,"type":"binary-expr","locations":[{"start":{"line":91,"column":42},"end":{"line":91,"column":73}},{"start":{"line":91,"column":77},"end":{"line":99,"column":9}}]},"10":{"line":102,"type":"binary-expr","locations":[{"start":{"line":102,"column":18},"end":{"line":102,"column":32}},{"start":{"line":103,"column":12},"end":{"line":103,"column":53}},{"start":{"line":104,"column":12},"end":{"line":104,"column":61}}]},"11":{"line":112,"type":"binary-expr","locations":[{"start":{"line":112,"column":45},"end":{"line":112,"column":79},"skip":true},{"start":{"line":112,"column":83},"end":{"line":121,"column":9},"skip":true}]},"12":{"line":123,"type":"binary-expr","locations":[{"start":{"line":123,"column":42},"end":{"line":123,"column":73},"skip":true},{"start":{"line":123,"column":77},"end":{"line":136,"column":9},"skip":true}]},"13":{"line":138,"type":"binary-expr","locations":[{"start":{"line":138,"column":48},"end":{"line":138,"column":85},"skip":true},{"start":{"line":139,"column":12},"end":{"line":145,"column":13},"skip":true}]},"14":{"line":147,"type":"binary-expr","locations":[{"start":{"line":147,"column":42},"end":{"line":147,"column":73},"skip":true},{"start":{"line":147,"column":77},"end":{"line":156,"column":9},"skip":true}]},"15":{"line":158,"type":"binary-expr","locations":[{"start":{"line":158,"column":45},"end":{"line":158,"column":79},"skip":true},{"start":{"line":158,"column":83},"end":{"line":167,"column":9},"skip":true}]},"16":{"line":169,"type":"binary-expr","locations":[{"start":{"line":169,"column":43},"end":{"line":169,"column":75},"skip":true},{"start":{"line":169,"column":79},"end":{"line":178,"column":9},"skip":true}]},"17":{"line":180,"type":"binary-expr","locations":[{"start":{"line":180,"column":41},"end":{"line":180,"column":71},"skip":true},{"start":{"line":180,"column":75},"end":{"line":189,"column":9},"skip":true}]}},"code":["/* istanbul instrument in package npmtest_lerna */","/*jslint","    bitwise: true,","    browser: true,","    maxerr: 8,","    maxlen: 96,","    node: true,","    nomen: true,","    regexp: true,","    stupid: true","*/","(function () {","    'use strict';","    var local;","","","","    // run shared js-env code - init-before","    (function () {","        // init local","        local = {};","        // init modeJs","        local.modeJs = (function () {","            try {","                return typeof navigator.userAgent === 'string' &&","                    typeof document.querySelector('body') === 'object' &&","                    typeof XMLHttpRequest.prototype.open === 'function' &&","                    'browser';","            } catch (errorCaughtBrowser) {","                return module.exports &&","                    typeof process.versions.node === 'string' &&","                    typeof require('http').createServer === 'function' &&","                    'node';","            }","        }());","        // init global","        local.global = local.modeJs === 'browser'","            ? window","            : global;","        switch (local.modeJs) {","        // re-init local from window.local","        case 'browser':","            local = local.global.utility2.objectSetDefault(","                local.global.utility2_rollup || local.global.local,","                local.global.utility2","            );","            break;","        // re-init local from example.js","        case 'node':","            local = (local.global.utility2_rollup || require('utility2'))","                .requireReadme();","            break;","        }","        // export local","        local.global.local = local;","    }());","","","","    // run shared js-env code - function","    (function () {","        return;","    }());","    switch (local.modeJs) {","","","","    // run browser js-env code - function","    case 'browser':","        break;","","","","    // run node js-env code - function","    case 'node':","        break;","    }","","","","    // run shared js-env code - init-after","    (function () {","        return;","    }());","    switch (local.modeJs) {","","","","    // run browser js-env code - init-after","    case 'browser':","        local.testCase_browser_nullCase = local.testCase_browser_nullCase || function (","            options,","            onError","        ) {","        /*","         * this function will test browsers's null-case handling-behavior-behavior","         */","            onError(null, options);","        };","","        // run tests","        local.nop(local.modeTest &&","            document.querySelector('#testRunButton1') &&","            document.querySelector('#testRunButton1').click());","        break;","","","","    // run node js-env code - init-after","    /* istanbul ignore next */","    case 'node':","        local.testCase_buildApidoc_default = local.testCase_buildApidoc_default || function (","            options,","            onError","        ) {","        /*","         * this function will test buildApidoc's default handling-behavior-behavior","         */","            options = { modulePathList: module.paths };","            local.buildApidoc(options, onError);","        };","","        local.testCase_buildApp_default = local.testCase_buildApp_default || function (","            options,","            onError","        ) {","        /*","         * this function will test buildApp's default handling-behavior-behavior","         */","            local.testCase_buildReadme_default(options, local.onErrorThrow);","            local.testCase_buildLib_default(options, local.onErrorThrow);","            local.testCase_buildTest_default(options, local.onErrorThrow);","            local.testCase_buildCustomOrg_default(options, local.onErrorThrow);","            options = [];","            local.buildApp(options, onError);","        };","","        local.testCase_buildCustomOrg_default = local.testCase_buildCustomOrg_default ||","            function (options, onError) {","            /*","             * this function will test buildCustomOrg's default handling-behavior","             */","                options = {};","                local.buildCustomOrg(options, onError);","            };","","        local.testCase_buildLib_default = local.testCase_buildLib_default || function (","            options,","            onError","        ) {","        /*","         * this function will test buildLib's default handling-behavior","         */","            options = {};","            local.buildLib(options, onError);","        };","","        local.testCase_buildReadme_default = local.testCase_buildReadme_default || function (","            options,","            onError","        ) {","        /*","         * this function will test buildReadme's default handling-behavior-behavior","         */","            options = {};","            local.buildReadme(options, onError);","        };","","        local.testCase_buildTest_default = local.testCase_buildTest_default || function (","            options,","            onError","        ) {","        /*","         * this function will test buildTest's default handling-behavior","         */","            options = {};","            local.buildTest(options, onError);","        };","","        local.testCase_webpage_default = local.testCase_webpage_default || function (","            options,","            onError","        ) {","        /*","         * this function will test webpage's default handling-behavior","         */","            options = { modeCoverageMerge: true, url: local.serverLocalHost + '?modeTest=1' };","            local.browserTest(options, onError);","        };","","        // run test-server","        local.testRunServer(local);","        break;","    }","}());",""],"l":{"12":2,"14":2,"19":2,"21":2,"23":2,"24":2,"25":2,"30":1,"37":2,"40":2,"43":1,"47":1,"50":1,"52":1,"55":2,"61":2,"62":2,"64":2,"70":1,"76":1,"82":2,"83":2,"85":2,"91":1,"98":1,"102":1,"105":1,"112":1,"119":1,"120":1,"123":1,"130":1,"131":1,"132":1,"133":1,"134":1,"135":1,"138":1,"143":2,"144":2,"147":1,"154":2,"155":2,"158":1,"165":2,"166":2,"169":1,"176":2,"177":2,"180":1,"187":1,"188":1,"192":1,"193":1}},"/home/travis/build/npmtest/node-npmtest-lerna/lib.npmtest_lerna.js":{"path":"/home/travis/build/npmtest/node-npmtest-lerna/lib.npmtest_lerna.js","s":{"1":2,"2":2,"3":2,"4":2,"5":2,"6":2,"7":2,"8":1,"9":2,"10":2,"11":2,"12":2,"13":1,"14":1,"15":1,"16":1},"b":{"1":[2,1,1,1],"2":[1,1,1,1],"3":[1,1],"4":[2,2],"5":[1,1]},"f":{"1":2,"2":2,"3":2},"fnMap":{"1":{"name":"(anonymous_1)","line":12,"loc":{"start":{"line":12,"column":1},"end":{"line":12,"column":13}}},"2":{"name":"(anonymous_2)","line":19,"loc":{"start":{"line":19,"column":5},"end":{"line":19,"column":17}}},"3":{"name":"(anonymous_3)","line":23,"loc":{"start":{"line":23,"column":24},"end":{"line":23,"column":36}}}},"statementMap":{"1":{"start":{"line":12,"column":0},"end":{"line":53,"column":5}},"2":{"start":{"line":14,"column":4},"end":{"line":14,"column":14}},"3":{"start":{"line":19,"column":4},"end":{"line":52,"column":9}},"4":{"start":{"line":21,"column":8},"end":{"line":21,"column":19}},"5":{"start":{"line":23,"column":8},"end":{"line":35,"column":13}},"6":{"start":{"line":24,"column":12},"end":{"line":34,"column":13}},"7":{"start":{"line":25,"column":16},"end":{"line":28,"column":30}},"8":{"start":{"line":30,"column":16},"end":{"line":33,"column":27}},"9":{"start":{"line":37,"column":8},"end":{"line":39,"column":21}},"10":{"start":{"line":41,"column":8},"end":{"line":41,"column":54}},"11":{"start":{"line":43,"column":8},"end":{"line":43,"column":50}},"12":{"start":{"line":45,"column":8},"end":{"line":51,"column":9}},"13":{"start":{"line":46,"column":12},"end":{"line":46,"column":56}},"14":{"start":{"line":48,"column":12},"end":{"line":48,"column":35}},"15":{"start":{"line":49,"column":12},"end":{"line":49,"column":49}},"16":{"start":{"line":50,"column":12},"end":{"line":50,"column":43}}},"branchMap":{"1":{"line":25,"type":"binary-expr","locations":[{"start":{"line":25,"column":23},"end":{"line":25,"column":62}},{"start":{"line":26,"column":20},"end":{"line":26,"column":70}},{"start":{"line":27,"column":20},"end":{"line":27,"column":71}},{"start":{"line":28,"column":20},"end":{"line":28,"column":29}}]},"2":{"line":30,"type":"binary-expr","locations":[{"start":{"line":30,"column":23},"end":{"line":30,"column":37}},{"start":{"line":31,"column":20},"end":{"line":31,"column":61}},{"start":{"line":32,"column":20},"end":{"line":32,"column":70}},{"start":{"line":33,"column":20},"end":{"line":33,"column":26}}]},"3":{"line":37,"type":"cond-expr","locations":[{"start":{"line":38,"column":14},"end":{"line":38,"column":20}},{"start":{"line":39,"column":14},"end":{"line":39,"column":20}}]},"4":{"line":41,"type":"binary-expr","locations":[{"start":{"line":41,"column":16},"end":{"line":41,"column":44}},{"start":{"line":41,"column":48},"end":{"line":41,"column":53}}]},"5":{"line":45,"type":"if","locations":[{"start":{"line":45,"column":8},"end":{"line":45,"column":8}},{"start":{"line":45,"column":8},"end":{"line":45,"column":8}}]}},"code":["/* istanbul instrument in package npmtest_lerna */","/*jslint","    bitwise: true,","    browser: true,","    maxerr: 8,","    maxlen: 96,","    node: true,","    nomen: true,","    regexp: true,","    stupid: true","*/","(function () {","    'use strict';","    var local;","","","","    // run shared js-env code - init-before","    (function () {","        // init local","        local = {};","        // init modeJs","        local.modeJs = (function () {","            try {","                return typeof navigator.userAgent === 'string' &&","                    typeof document.querySelector('body') === 'object' &&","                    typeof XMLHttpRequest.prototype.open === 'function' &&","                    'browser';","            } catch (errorCaughtBrowser) {","                return module.exports &&","                    typeof process.versions.node === 'string' &&","                    typeof require('http').createServer === 'function' &&","                    'node';","            }","        }());","        // init global","        local.global = local.modeJs === 'browser'","            ? window","            : global;","        // init utility2_rollup","        local = local.global.utility2_rollup || local;","        // init lib","        local.local = local.npmtest_lerna = local;","        // init exports","        if (local.modeJs === 'browser') {","            local.global.utility2_npmtest_lerna = local;","        } else {","            module.exports = local;","            module.exports.__dirname = __dirname;","            module.exports.module = module;","        }","    }());","}());",""],"l":{"12":2,"14":2,"19":2,"21":2,"23":2,"24":2,"25":2,"30":1,"37":2,"41":2,"43":2,"45":2,"46":1,"48":1,"49":1,"50":1}},"/home/travis/build/npmtest/node-npmtest-lerna/example.js":{"path":"/home/travis/build/npmtest/node-npmtest-lerna/example.js","s":{"1":2,"2":2,"3":2,"4":2,"5":2,"6":2,"7":2,"8":1,"9":2,"10":2,"11":2,"12":2,"13":1,"14":2,"15":2,"16":2,"17":2,"18":2,"19":0,"20":2,"21":1,"22":1,"23":1,"24":1,"25":1,"26":0,"27":0,"28":1,"29":1,"30":2,"31":0,"32":0,"33":0,"34":1,"35":2,"36":2,"37":3,"38":3,"39":3,"40":3,"41":0,"42":3,"43":3,"44":3,"45":1,"46":3,"47":1,"48":1,"49":1,"50":1,"51":1,"52":1,"53":1,"54":1,"55":1,"56":1,"57":0,"58":1,"59":6,"60":6,"61":1,"62":2,"63":0,"64":2,"65":1,"66":1,"67":0,"68":0,"69":0,"70":0,"71":0,"72":0,"73":0,"74":0,"75":0,"76":0,"77":0,"78":0,"79":0,"80":0,"81":0,"82":0,"83":0},"b":{"1":[2,1,1,1],"2":[1,1,1,1],"3":[1,1],"4":[2,2],"5":[1,1],"6":[1,1],"7":[2,0],"8":[2,1,1,1,1,1],"9":[0,2,0],"10":[1,1],"11":[2,1,1],"12":[1,0],"13":[0,2],"14":[2,0,0,0,0,0,0],"15":[0,3],"16":[3,0],"17":[1,1],"18":[0,1],"19":[1,2,0,2],"20":[1,0],"21":[1,1],"22":[0,0],"23":[0,0],"24":[0,0],"25":[0,0],"26":[0,0],"27":[0,0],"28":[0,0]},"f":{"1":2,"2":2,"3":2,"4":2,"5":2,"6":2,"7":3,"8":3,"9":3,"10":1,"11":6,"12":0},"fnMap":{"1":{"name":"(anonymous_1)","line":26,"loc":{"start":{"line":26,"column":1},"end":{"line":26,"column":13}}},"2":{"name":"(anonymous_2)","line":33,"loc":{"start":{"line":33,"column":5},"end":{"line":33,"column":17}}},"3":{"name":"(anonymous_3)","line":37,"loc":{"start":{"line":37,"column":24},"end":{"line":37,"column":36}}},"4":{"name":"(anonymous_4)","line":69,"loc":{"start":{"line":69,"column":31},"end":{"line":69,"column":48}},"skip":true},"5":{"name":"(anonymous_5)","line":78,"loc":{"start":{"line":78,"column":26},"end":{"line":78,"column":45}},"skip":true},"6":{"name":"(anonymous_6)","line":123,"loc":{"start":{"line":123,"column":33},"end":{"line":123,"column":48}},"skip":true},"7":{"name":"(anonymous_7)","line":125,"loc":{"start":{"line":125,"column":27},"end":{"line":125,"column":39}},"skip":true},"8":{"name":"(anonymous_8)","line":133,"loc":{"start":{"line":133,"column":59},"end":{"line":133,"column":74}},"skip":true},"9":{"name":"(anonymous_9)","line":143,"loc":{"start":{"line":143,"column":45},"end":{"line":143,"column":62}},"skip":true},"10":{"name":"(anonymous_10)","line":144,"loc":{"start":{"line":144,"column":73},"end":{"line":144,"column":92}},"skip":true},"11":{"name":"(anonymous_11)","line":272,"loc":{"start":{"line":272,"column":51},"end":{"line":272,"column":77}},"skip":true},"12":{"name":"(anonymous_12)","line":315,"loc":{"start":{"line":315,"column":32},"end":{"line":315,"column":61}},"skip":true}},"statementMap":{"1":{"start":{"line":26,"column":0},"end":{"line":326,"column":5}},"2":{"start":{"line":28,"column":4},"end":{"line":28,"column":14}},"3":{"start":{"line":33,"column":4},"end":{"line":60,"column":9}},"4":{"start":{"line":35,"column":8},"end":{"line":35,"column":19}},"5":{"start":{"line":37,"column":8},"end":{"line":49,"column":13}},"6":{"start":{"line":38,"column":12},"end":{"line":48,"column":13}},"7":{"start":{"line":39,"column":16},"end":{"line":42,"column":30}},"8":{"start":{"line":44,"column":16},"end":{"line":47,"column":27}},"9":{"start":{"line":51,"column":8},"end":{"line":53,"column":21}},"10":{"start":{"line":55,"column":8},"end":{"line":57,"column":45}},"11":{"start":{"line":59,"column":8},"end":{"line":59,"column":35}},"12":{"start":{"line":61,"column":4},"end":{"line":325,"column":5}},"13":{"start":{"line":69,"column":8},"end":{"line":121,"column":10},"skip":true},"14":{"start":{"line":70,"column":12},"end":{"line":88,"column":13},"skip":true},"15":{"start":{"line":76,"column":16},"end":{"line":87,"column":19},"skip":true},"16":{"start":{"line":79,"column":20},"end":{"line":86,"column":21},"skip":true},"17":{"start":{"line":82,"column":24},"end":{"line":82,"column":43},"skip":true},"18":{"start":{"line":83,"column":24},"end":{"line":83,"column":30},"skip":true},"19":{"start":{"line":85,"column":24},"end":{"line":85,"column":49},"skip":true},"20":{"start":{"line":89,"column":12},"end":{"line":107,"column":13},"skip":true},"21":{"start":{"line":92,"column":16},"end":{"line":102,"column":17},"skip":true},"22":{"start":{"line":93,"column":20},"end":{"line":93,"column":86},"skip":true},"23":{"start":{"line":94,"column":20},"end":{"line":95,"column":45},"skip":true},"24":{"start":{"line":96,"column":20},"end":{"line":96,"column":42},"skip":true},"25":{"start":{"line":97,"column":20},"end":{"line":97,"column":48},"skip":true},"26":{"start":{"line":100,"column":20},"end":{"line":100,"column":85},"skip":true},"27":{"start":{"line":101,"column":20},"end":{"line":101,"column":96},"skip":true},"28":{"start":{"line":103,"column":16},"end":{"line":103,"column":22},"skip":true},"29":{"start":{"line":106,"column":16},"end":{"line":106,"column":22},"skip":true},"30":{"start":{"line":108,"column":12},"end":{"line":120,"column":13},"skip":true},"31":{"start":{"line":114,"column":16},"end":{"line":119,"column":17},"skip":true},"32":{"start":{"line":116,"column":20},"end":{"line":116,"column":78},"skip":true},"33":{"start":{"line":118,"column":20},"end":{"line":118,"column":47},"skip":true},"34":{"start":{"line":123,"column":8},"end":{"line":141,"column":11},"skip":true},"35":{"start":{"line":124,"column":12},"end":{"line":124,"column":54},"skip":true},"36":{"start":{"line":125,"column":12},"end":{"line":140,"column":14},"skip":true},"37":{"start":{"line":126,"column":16},"end":{"line":126,"column":28},"skip":true},"38":{"start":{"line":127,"column":16},"end":{"line":127,"column":69},"skip":true},"39":{"start":{"line":128,"column":16},"end":{"line":128,"column":75},"skip":true},"40":{"start":{"line":129,"column":16},"end":{"line":131,"column":17},"skip":true},"41":{"start":{"line":130,"column":20},"end":{"line":130,"column":27},"skip":true},"42":{"start":{"line":133,"column":16},"end":{"line":137,"column":36},"skip":true},"43":{"start":{"line":134,"column":20},"end":{"line":136,"column":55},"skip":true},"44":{"start":{"line":139,"column":16},"end":{"line":139,"column":57},"skip":true},"45":{"start":{"line":143,"column":8},"end":{"line":147,"column":11},"skip":true},"46":{"start":{"line":144,"column":12},"end":{"line":146,"column":15},"skip":true},"47":{"start":{"line":145,"column":16},"end":{"line":145,"column":70},"skip":true},"48":{"start":{"line":149,"column":8},"end":{"line":149,"column":31},"skip":true},"49":{"start":{"line":150,"column":8},"end":{"line":150,"column":14},"skip":true},"50":{"start":{"line":158,"column":8},"end":{"line":158,"column":31},"skip":true},"51":{"start":{"line":160,"column":8},"end":{"line":160,"column":33},"skip":true},"52":{"start":{"line":161,"column":8},"end":{"line":161,"column":37},"skip":true},"53":{"start":{"line":162,"column":8},"end":{"line":162,"column":35},"skip":true},"54":{"start":{"line":164,"column":8},"end":{"line":164,"column":50},"skip":true},"55":{"start":{"line":166,"column":8},"end":{"line":256,"column":2},"skip":true},"56":{"start":{"line":258,"column":8},"end":{"line":286,"column":9},"skip":true},"57":{"start":{"line":259,"column":12},"end":{"line":269,"column":14},"skip":true},"58":{"start":{"line":271,"column":12},"end":{"line":285,"column":19},"skip":true},"59":{"start":{"line":274,"column":20},"end":{"line":274,"column":35},"skip":true},"60":{"start":{"line":275,"column":20},"end":{"line":284,"column":21},"skip":true},"61":{"start":{"line":277,"column":24},"end":{"line":277,"column":64},"skip":true},"62":{"start":{"line":279,"column":24},"end":{"line":279,"column":40},"skip":true},"63":{"start":{"line":281,"column":24},"end":{"line":281,"column":40},"skip":true},"64":{"start":{"line":283,"column":24},"end":{"line":283,"column":39},"skip":true},"65":{"start":{"line":288,"column":8},"end":{"line":290,"column":9},"skip":true},"66":{"start":{"line":289,"column":12},"end":{"line":289,"column":18},"skip":true},"67":{"start":{"line":291,"column":8},"end":{"line":293,"column":54},"skip":true},"68":{"start":{"line":296,"column":8},"end":{"line":301,"column":37},"skip":true},"69":{"start":{"line":303,"column":8},"end":{"line":303,"column":82},"skip":true},"70":{"start":{"line":306,"column":8},"end":{"line":308,"column":9},"skip":true},"71":{"start":{"line":307,"column":12},"end":{"line":307,"column":82},"skip":true},"72":{"start":{"line":310,"column":8},"end":{"line":312,"column":9},"skip":true},"73":{"start":{"line":311,"column":12},"end":{"line":311,"column":18},"skip":true},"74":{"start":{"line":313,"column":8},"end":{"line":313,"column":54},"skip":true},"75":{"start":{"line":314,"column":8},"end":{"line":314,"column":69},"skip":true},"76":{"start":{"line":315,"column":8},"end":{"line":323,"column":36},"skip":true},"77":{"start":{"line":316,"column":12},"end":{"line":316,"column":61},"skip":true},"78":{"start":{"line":317,"column":12},"end":{"line":320,"column":13},"skip":true},"79":{"start":{"line":318,"column":16},"end":{"line":318,"column":75},"skip":true},"80":{"start":{"line":319,"column":16},"end":{"line":319,"column":23},"skip":true},"81":{"start":{"line":321,"column":12},"end":{"line":321,"column":38},"skip":true},"82":{"start":{"line":322,"column":12},"end":{"line":322,"column":27},"skip":true},"83":{"start":{"line":324,"column":8},"end":{"line":324,"column":14},"skip":true}},"branchMap":{"1":{"line":39,"type":"binary-expr","locations":[{"start":{"line":39,"column":23},"end":{"line":39,"column":62}},{"start":{"line":40,"column":20},"end":{"line":40,"column":70}},{"start":{"line":41,"column":20},"end":{"line":41,"column":71}},{"start":{"line":42,"column":20},"end":{"line":42,"column":29}}]},"2":{"line":44,"type":"binary-expr","locations":[{"start":{"line":44,"column":23},"end":{"line":44,"column":37}},{"start":{"line":45,"column":20},"end":{"line":45,"column":61}},{"start":{"line":46,"column":20},"end":{"line":46,"column":70}},{"start":{"line":47,"column":20},"end":{"line":47,"column":26}}]},"3":{"line":51,"type":"cond-expr","locations":[{"start":{"line":52,"column":14},"end":{"line":52,"column":20}},{"start":{"line":53,"column":14},"end":{"line":53,"column":20}}]},"4":{"line":55,"type":"binary-expr","locations":[{"start":{"line":55,"column":16},"end":{"line":55,"column":44}},{"start":{"line":55,"column":49},"end":{"line":57,"column":43}}]},"5":{"line":55,"type":"cond-expr","locations":[{"start":{"line":56,"column":14},"end":{"line":56,"column":49}},{"start":{"line":57,"column":14},"end":{"line":57,"column":43}}]},"6":{"line":61,"type":"switch","locations":[{"start":{"line":68,"column":4},"end":{"line":150,"column":14},"skip":true},{"start":{"line":156,"column":4},"end":{"line":324,"column":14},"skip":true}]},"7":{"line":70,"type":"if","locations":[{"start":{"line":70,"column":12},"end":{"line":70,"column":12},"skip":true},{"start":{"line":70,"column":12},"end":{"line":70,"column":12},"skip":true}]},"8":{"line":70,"type":"binary-expr","locations":[{"start":{"line":70,"column":16},"end":{"line":70,"column":22},"skip":true},{"start":{"line":70,"column":27},"end":{"line":70,"column":32},"skip":true},{"start":{"line":71,"column":20},"end":{"line":71,"column":39},"skip":true},{"start":{"line":72,"column":20},"end":{"line":72,"column":49},"skip":true},{"start":{"line":73,"column":20},"end":{"line":73,"column":58},"skip":true},{"start":{"line":74,"column":20},"end":{"line":74,"column":69},"skip":true}]},"9":{"line":79,"type":"switch","locations":[{"start":{"line":80,"column":20},"end":{"line":80,"column":33},"skip":true},{"start":{"line":81,"column":20},"end":{"line":83,"column":30},"skip":true},{"start":{"line":84,"column":20},"end":{"line":85,"column":49},"skip":true}]},"10":{"line":89,"type":"switch","locations":[{"start":{"line":90,"column":12},"end":{"line":103,"column":22},"skip":true},{"start":{"line":105,"column":12},"end":{"line":106,"column":22},"skip":true}]},"11":{"line":89,"type":"binary-expr","locations":[{"start":{"line":89,"column":20},"end":{"line":89,"column":25},"skip":true},{"start":{"line":89,"column":29},"end":{"line":89,"column":48},"skip":true},{"start":{"line":89,"column":52},"end":{"line":89,"column":74},"skip":true}]},"12":{"line":92,"type":"if","locations":[{"start":{"line":92,"column":16},"end":{"line":92,"column":16},"skip":true},{"start":{"line":92,"column":16},"end":{"line":92,"column":16},"skip":true}]},"13":{"line":108,"type":"if","locations":[{"start":{"line":108,"column":12},"end":{"line":108,"column":12},"skip":true},{"start":{"line":108,"column":12},"end":{"line":108,"column":12},"skip":true}]},"14":{"line":108,"type":"binary-expr","locations":[{"start":{"line":108,"column":16},"end":{"line":108,"column":61},"skip":true},{"start":{"line":108,"column":66},"end":{"line":108,"column":72},"skip":true},{"start":{"line":108,"column":77},"end":{"line":108,"column":82},"skip":true},{"start":{"line":109,"column":20},"end":{"line":109,"column":39},"skip":true},{"start":{"line":110,"column":20},"end":{"line":110,"column":49},"skip":true},{"start":{"line":111,"column":20},"end":{"line":111,"column":58},"skip":true},{"start":{"line":112,"column":20},"end":{"line":112,"column":68},"skip":true}]},"15":{"line":129,"type":"if","locations":[{"start":{"line":129,"column":16},"end":{"line":129,"column":16},"skip":true},{"start":{"line":129,"column":16},"end":{"line":129,"column":16},"skip":true}]},"16":{"line":134,"type":"cond-expr","locations":[{"start":{"line":135,"column":26},"end":{"line":135,"column":29},"skip":true},{"start":{"line":136,"column":26},"end":{"line":136,"column":54},"skip":true}]},"17":{"line":164,"type":"binary-expr","locations":[{"start":{"line":164,"column":27},"end":{"line":164,"column":43},"skip":true},{"start":{"line":164,"column":47},"end":{"line":164,"column":49},"skip":true}]},"18":{"line":258,"type":"if","locations":[{"start":{"line":258,"column":8},"end":{"line":258,"column":8},"skip":true},{"start":{"line":258,"column":8},"end":{"line":258,"column":8},"skip":true}]},"19":{"line":275,"type":"switch","locations":[{"start":{"line":276,"column":20},"end":{"line":277,"column":64},"skip":true},{"start":{"line":278,"column":20},"end":{"line":279,"column":40},"skip":true},{"start":{"line":280,"column":20},"end":{"line":281,"column":40},"skip":true},{"start":{"line":282,"column":20},"end":{"line":283,"column":39},"skip":true}]},"20":{"line":288,"type":"if","locations":[{"start":{"line":288,"column":8},"end":{"line":288,"column":8},"skip":true},{"start":{"line":288,"column":8},"end":{"line":288,"column":8},"skip":true}]},"21":{"line":288,"type":"binary-expr","locations":[{"start":{"line":288,"column":12},"end":{"line":288,"column":40},"skip":true},{"start":{"line":288,"column":44},"end":{"line":288,"column":67},"skip":true}]},"22":{"line":292,"type":"binary-expr","locations":[{"start":{"line":292,"column":12},"end":{"line":292,"column":50},"skip":true},{"start":{"line":293,"column":12},"end":{"line":293,"column":53},"skip":true}]},"23":{"line":297,"type":"binary-expr","locations":[{"start":{"line":297,"column":12},"end":{"line":297,"column":63},"skip":true},{"start":{"line":298,"column":12},"end":{"line":301,"column":36},"skip":true}]},"24":{"line":303,"type":"binary-expr","locations":[{"start":{"line":303,"column":43},"end":{"line":303,"column":75},"skip":true},{"start":{"line":303,"column":79},"end":{"line":303,"column":81},"skip":true}]},"25":{"line":306,"type":"if","locations":[{"start":{"line":306,"column":8},"end":{"line":306,"column":8},"skip":true},{"start":{"line":306,"column":8},"end":{"line":306,"column":8},"skip":true}]},"26":{"line":310,"type":"if","locations":[{"start":{"line":310,"column":8},"end":{"line":310,"column":8},"skip":true},{"start":{"line":310,"column":8},"end":{"line":310,"column":8},"skip":true}]},"27":{"line":313,"type":"binary-expr","locations":[{"start":{"line":313,"column":27},"end":{"line":313,"column":43},"skip":true},{"start":{"line":313,"column":47},"end":{"line":313,"column":53},"skip":true}]},"28":{"line":317,"type":"if","locations":[{"start":{"line":317,"column":12},"end":{"line":317,"column":12},"skip":true},{"start":{"line":317,"column":12},"end":{"line":317,"column":12},"skip":true}]}},"code":["/*","example.js","","quickstart example","","instruction","    1. save this script as example.js","    2. run the shell command:","        $ npm install npmtest-lerna && PORT=8081 node example.js","    3. play with the browser-demo on http://127.0.0.1:8081","*/","","","","/* istanbul instrument in package npmtest_lerna */","/*jslint","    bitwise: true,","    browser: true,","    maxerr: 8,","    maxlen: 96,","    node: true,","    nomen: true,","    regexp: true,","    stupid: true","*/","(function () {","    'use strict';","    var local;","","","","    // run shared js-env code - init-before","    (function () {","        // init local","        local = {};","        // init modeJs","        local.modeJs = (function () {","            try {","                return typeof navigator.userAgent === 'string' &&","                    typeof document.querySelector('body') === 'object' &&","                    typeof XMLHttpRequest.prototype.open === 'function' &&","                    'browser';","            } catch (errorCaughtBrowser) {","                return module.exports &&","                    typeof process.versions.node === 'string' &&","                    typeof require('http').createServer === 'function' &&","                    'node';","            }","        }());","        // init global","        local.global = local.modeJs === 'browser'","            ? window","            : global;","        // init utility2_rollup","        local = local.global.utility2_rollup || (local.modeJs === 'browser'","            ? local.global.utility2_npmtest_lerna","            : global.utility2_moduleExports);","        // export local","        local.global.local = local;","    }());","    switch (local.modeJs) {","","","","    // init-after","    // run browser js-env code - init-after","    /* istanbul ignore next */","    case 'browser':","        local.testRunBrowser = function (event) {","            if (!event || (event &&","                    event.currentTarget &&","                    event.currentTarget.className &&","                    event.currentTarget.className.includes &&","                    event.currentTarget.className.includes('onreset'))) {","                // reset output","                Array.from(","                    document.querySelectorAll('body > .resettable')","                ).forEach(function (element) {","                    switch (element.tagName) {","                    case 'INPUT':","                    case 'TEXTAREA':","                        element.value = '';","                        break;","                    default:","                        element.textContent = '';","                    }","                });","            }","            switch (event && event.currentTarget && event.currentTarget.id) {","            case 'testRunButton1':","                // show tests","                if (document.querySelector('#testReportDiv1').style.display === 'none') {","                    document.querySelector('#testReportDiv1').style.display = 'block';","                    document.querySelector('#testRunButton1').textContent =","                        'hide internal test';","                    local.modeTest = true;","                    local.testRunDefault(local);","                // hide tests","                } else {","                    document.querySelector('#testReportDiv1').style.display = 'none';","                    document.querySelector('#testRunButton1').textContent = 'run internal test';","                }","                break;","            // custom-case","            default:","                break;","            }","            if (document.querySelector('#inputTextareaEval1') && (!event || (event &&","                    event.currentTarget &&","                    event.currentTarget.className &&","                    event.currentTarget.className.includes &&","                    event.currentTarget.className.includes('oneval')))) {","                // try to eval input-code","                try {","                    /*jslint evil: true*/","                    eval(document.querySelector('#inputTextareaEval1').value);","                } catch (errorCaught) {","                    console.error(errorCaught);","                }","            }","        };","        // log stderr and stdout to #outputTextareaStdout1","        ['error', 'log'].forEach(function (key) {","            console[key + '_original'] = console[key];","            console[key] = function () {","                var element;","                console[key + '_original'].apply(console, arguments);","                element = document.querySelector('#outputTextareaStdout1');","                if (!element) {","                    return;","                }","                // append text to #outputTextareaStdout1","                element.value += Array.from(arguments).map(function (arg) {","                    return typeof arg === 'string'","                        ? arg","                        : JSON.stringify(arg, null, 4);","                }).join(' ') + '\\n';","                // scroll textarea to bottom","                element.scrollTop = element.scrollHeight;","            };","        });","        // init event-handling","        ['change', 'click', 'keyup'].forEach(function (event) {","            Array.from(document.querySelectorAll('.on' + event)).forEach(function (element) {","                element.addEventListener(event, local.testRunBrowser);","            });","        });","        // run tests","        local.testRunBrowser();","        break;","","","","    // run node js-env code - init-after","    /* istanbul ignore next */","    case 'node':","        // export local","        module.exports = local;","        // require modules","        local.fs = require('fs');","        local.http = require('http');","        local.url = require('url');","        // init assets","        local.assetsDict = local.assetsDict || {};","        /* jslint-ignore-begin */","        local.assetsDict['/assets.index.template.html'] = '\\","<!doctype html>\\n\\","<html lang=\"en\">\\n\\","<head>\\n\\","<meta charset=\"UTF-8\">\\n\\","<meta name=\"viewport\" content=\"width=device-width, initial-scale=1\">\\n\\","<title>{{env.npm_package_name}} (v{{env.npm_package_version}})</title>\\n\\","<style>\\n\\","/*csslint\\n\\","    box-sizing: false,\\n\\","    universal-selector: false\\n\\","*/\\n\\","* {\\n\\","    box-sizing: border-box;\\n\\","}\\n\\","body {\\n\\","    background: #dde;\\n\\","    font-family: Arial, Helvetica, sans-serif;\\n\\","    margin: 2rem;\\n\\","}\\n\\","body > * {\\n\\","    margin-bottom: 1rem;\\n\\","}\\n\\",".utility2FooterDiv {\\n\\","    margin-top: 20px;\\n\\","    text-align: center;\\n\\","}\\n\\","</style>\\n\\","<style>\\n\\","/*csslint\\n\\","*/\\n\\","textarea {\\n\\","    font-family: monospace;\\n\\","    height: 10rem;\\n\\","    width: 100%;\\n\\","}\\n\\","textarea[readonly] {\\n\\","    background: #ddd;\\n\\","}\\n\\","</style>\\n\\","</head>\\n\\","<body>\\n\\","<!-- utility2-comment\\n\\","<div id=\"ajaxProgressDiv1\" style=\"background: #d00; height: 2px; left: 0; margin: 0; padding: 0; position: fixed; top: 0; transition: background 0.5s, width 1.5s; width: 25%;\"></div>\\n\\","utility2-comment -->\\n\\","<h1>\\n\\","<!-- utility2-comment\\n\\","    <a\\n\\","        {{#if env.npm_package_homepage}}\\n\\","        href=\"{{env.npm_package_homepage}}\"\\n\\","        {{/if env.npm_package_homepage}}\\n\\","        target=\"_blank\"\\n\\","    >\\n\\","utility2-comment -->\\n\\","        {{env.npm_package_name}} (v{{env.npm_package_version}})\\n\\","<!-- utility2-comment\\n\\","    </a>\\n\\","utility2-comment -->\\n\\","</h1>\\n\\","<h3>{{env.npm_package_description}}</h3>\\n\\","<!-- utility2-comment\\n\\","<h4><a download href=\"assets.app.js\">download standalone app</a></h4>\\n\\","<button class=\"onclick onreset\" id=\"testRunButton1\">run internal test</button><br>\\n\\","<div id=\"testReportDiv1\" style=\"display: none;\"></div>\\n\\","utility2-comment -->\\n\\","\\n\\","\\n\\","\\n\\","<label>stderr and stdout</label>\\n\\","<textarea class=\"resettable\" id=\"outputTextareaStdout1\" readonly></textarea>\\n\\","<!-- utility2-comment\\n\\","{{#if isRollup}}\\n\\","<script src=\"assets.app.js\"></script>\\n\\","{{#unless isRollup}}\\n\\","utility2-comment -->\\n\\","<script src=\"assets.utility2.rollup.js\"></script>\\n\\","<script src=\"jsonp.utility2._stateInit?callback=window.utility2._stateInit\"></script>\\n\\","<script src=\"assets.npmtest_lerna.rollup.js\"></script>\\n\\","<script src=\"assets.example.js\"></script>\\n\\","<script src=\"assets.test.js\"></script>\\n\\","<!-- utility2-comment\\n\\","{{/if isRollup}}\\n\\","utility2-comment -->\\n\\","<div class=\"utility2FooterDiv\">\\n\\","    [ this app was created with\\n\\","    <a href=\"https://github.com/kaizhu256/node-utility2\" target=\"_blank\">utility2</a>\\n\\","    ]\\n\\","</div>\\n\\","</body>\\n\\","</html>\\n\\","';","        /* jslint-ignore-end */","        if (local.templateRender) {","            local.assetsDict['/'] = local.templateRender(","                local.assetsDict['/assets.index.template.html'],","                {","                    env: local.objectSetDefault(local.env, {","                        npm_package_description: 'the greatest app in the world!',","                        npm_package_name: 'my-app',","                        npm_package_nameAlias: 'my_app',","                        npm_package_version: '0.0.1'","                    })","                }","            );","        } else {","            local.assetsDict['/'] = local.assetsDict['/assets.index.template.html']","                .replace((/\\{\\{env\\.(\\w+?)\\}\\}/g), function (match0, match1) {","                    // jslint-hack","                    String(match0);","                    switch (match1) {","                    case 'npm_package_description':","                        return 'the greatest app in the world!';","                    case 'npm_package_name':","                        return 'my-app';","                    case 'npm_package_nameAlias':","                        return 'my_app';","                    case 'npm_package_version':","                        return '0.0.1';","                    }","                });","        }","        // run the cli","        if (local.global.utility2_rollup || module !== require.main) {","            break;","        }","        local.assetsDict['/assets.example.js'] =","            local.assetsDict['/assets.example.js'] ||","            local.fs.readFileSync(__filename, 'utf8');","        // bug-workaround - long $npm_package_buildCustomOrg","        /* jslint-ignore-begin */","        local.assetsDict['/assets.npmtest_lerna.rollup.js'] =","            local.assetsDict['/assets.npmtest_lerna.rollup.js'] ||","            local.fs.readFileSync(","                local.npmtest_lerna.__dirname + '/lib.npmtest_lerna.js',","                'utf8'","            ).replace((/^#!/), '//');","        /* jslint-ignore-end */","        local.assetsDict['/favicon.ico'] = local.assetsDict['/favicon.ico'] || '';","        // if $npm_config_timeout_exit exists,","        // then exit this process after $npm_config_timeout_exit ms","        if (Number(process.env.npm_config_timeout_exit)) {","            setTimeout(process.exit, Number(process.env.npm_config_timeout_exit));","        }","        // start server","        if (local.global.utility2_serverHttp1) {","            break;","        }","        process.env.PORT = process.env.PORT || '8081';","        console.error('server starting on port ' + process.env.PORT);","        local.http.createServer(function (request, response) {","            request.urlParsed = local.url.parse(request.url);","            if (local.assetsDict[request.urlParsed.pathname] !== undefined) {","                response.end(local.assetsDict[request.urlParsed.pathname]);","                return;","            }","            response.statusCode = 404;","            response.end();","        }).listen(process.env.PORT);","        break;","    }","}());",""],"l":{"26":2,"28":2,"33":2,"35":2,"37":2,"38":2,"39":2,"44":1,"51":2,"55":2,"59":2,"61":2,"69":1,"70":2,"76":2,"79":2,"82":2,"83":2,"85":1,"89":2,"92":1,"93":1,"94":1,"96":1,"97":1,"100":1,"101":1,"103":1,"106":1,"108":2,"114":1,"116":1,"118":1,"123":1,"124":2,"125":2,"126":3,"127":3,"128":3,"129":3,"130":1,"133":3,"134":3,"139":3,"143":1,"144":3,"145":1,"149":1,"150":1,"158":1,"160":1,"161":1,"162":1,"164":1,"166":1,"258":1,"259":1,"271":1,"274":6,"275":6,"277":1,"279":2,"281":1,"283":2,"288":1,"289":1,"291":1,"296":1,"303":1,"306":1,"307":1,"310":1,"311":1,"313":1,"314":1,"315":1,"316":1,"317":1,"318":1,"319":1,"321":1,"322":1,"324":1}},"/home/travis/build/npmtest/node-npmtest-lerna/node_modules/lerna/bin/lerna.js":{"path":"/home/travis/build/npmtest/node-npmtest-lerna/node_modules/lerna/bin/lerna.js","s":{"1":4,"2":4,"3":0,"4":0,"5":4,"6":4,"7":0,"8":0,"9":4,"10":4,"11":4,"12":4,"13":4,"14":4,"15":4,"16":4,"17":4,"18":12,"19":12,"20":4,"21":4,"22":4,"23":4,"24":4,"25":4,"26":4},"b":{"1":[0,4],"2":[0,4],"3":[4,4,4,4],"4":[4,0],"5":[4,0,0,0,0],"6":[4,0]},"f":{},"fnMap":{},"statementMap":{"1":{"start":{"line":3,"column":0},"end":{"line":3,"column":33}},"2":{"start":{"line":4,"column":0},"end":{"line":7,"column":1}},"3":{"start":{"line":5,"column":2},"end":{"line":5,"column":39}},"4":{"start":{"line":6,"column":2},"end":{"line":6,"column":18}},"5":{"start":{"line":9,"column":0},"end":{"line":9,"column":18}},"6":{"start":{"line":11,"column":0},"end":{"line":14,"column":1}},"7":{"start":{"line":12,"column":2},"end":{"line":12,"column":50}},"8":{"start":{"line":13,"column":2},"end":{"line":13,"column":18}},"9":{"start":{"line":16,"column":0},"end":{"line":16,"column":42}},"10":{"start":{"line":17,"column":0},"end":{"line":17,"column":38}},"11":{"start":{"line":19,"column":0},"end":{"line":33,"column":1}},"12":{"start":{"line":20,"column":2},"end":{"line":20,"column":16}},"13":{"start":{"line":21,"column":2},"end":{"line":21,"column":35}},"14":{"start":{"line":22,"column":2},"end":{"line":22,"column":16}},"15":{"start":{"line":23,"column":2},"end":{"line":23,"column":29}},"16":{"start":{"line":24,"column":2},"end":{"line":24,"column":16}},"17":{"start":{"line":26,"column":2},"end":{"line":29,"column":3}},"18":{"start":{"line":27,"column":4},"end":{"line":27,"column":41}},"19":{"start":{"line":28,"column":4},"end":{"line":28,"column":45}},"20":{"start":{"line":31,"column":2},"end":{"line":31,"column":16}},"21":{"start":{"line":32,"column":2},"end":{"line":32,"column":18}},"22":{"start":{"line":35,"column":0},"end":{"line":38,"column":1}},"23":{"start":{"line":36,"column":2},"end":{"line":36,"column":58}},"24":{"start":{"line":37,"column":2},"end":{"line":37,"column":18}},"25":{"start":{"line":40,"column":0},"end":{"line":40,"column":28}},"26":{"start":{"line":41,"column":0},"end":{"line":41,"column":42}}},"branchMap":{"1":{"line":4,"type":"if","locations":[{"start":{"line":4,"column":0},"end":{"line":4,"column":0}},{"start":{"line":4,"column":0},"end":{"line":4,"column":0}}]},"2":{"line":11,"type":"if","locations":[{"start":{"line":11,"column":0},"end":{"line":11,"column":0}},{"start":{"line":11,"column":0},"end":{"line":11,"column":0}}]},"3":{"line":11,"type":"binary-expr","locations":[{"start":{"line":11,"column":4},"end":{"line":11,"column":16}},{"start":{"line":11,"column":20},"end":{"line":11,"column":32}},{"start":{"line":11,"column":36},"end":{"line":11,"column":55}},{"start":{"line":11,"column":59},"end":{"line":11,"column":77}}]},"4":{"line":19,"type":"if","locations":[{"start":{"line":19,"column":0},"end":{"line":19,"column":0}},{"start":{"line":19,"column":0},"end":{"line":19,"column":0}}]},"5":{"line":19,"type":"binary-expr","locations":[{"start":{"line":19,"column":4},"end":{"line":19,"column":8}},{"start":{"line":19,"column":12},"end":{"line":19,"column":28}},{"start":{"line":19,"column":32},"end":{"line":19,"column":44}},{"start":{"line":19,"column":48},"end":{"line":19,"column":60}},{"start":{"line":19,"column":64},"end":{"line":19,"column":79}}]},"6":{"line":35,"type":"if","locations":[{"start":{"line":35,"column":0},"end":{"line":35,"column":0}},{"start":{"line":35,"column":0},"end":{"line":35,"column":0}}]}},"code":["//#!/usr/bin/env node","","var args = process.argv.slice(2);","if (args.length > 1) {","  console.error(\"Too many arguments.\");","  process.exit(1);","}","","var arg = args[0];","","if (arg === \"-v\" || arg === \"-V\" || arg === \"--version\" || arg === \"-version\") {","  console.log(require(\"../package.json\").version);","  process.exit(0);","}","","var commands = require(\"../lib/commands\");","var init     = require(\"../lib/init\");","","if (!arg || arg === \"--help\" || arg === \"-h\" || arg === \"-H\" || arg === \"-help\") {","  console.log();","  console.log(\"  lerna [command]\");","  console.log();","  console.log(\"  Commands:\");","  console.log();","","  for (var key in commands) {","    var desc = commands[key].description;","    console.log(\"    \" + key + \" - \" + desc);","  }","","  console.log();","  process.exit(0);","}","","if (!(arg in commands)) {","  console.error(\"Unknown command \" + JSON.stringify(arg));","  process.exit(1);","}","","var command = commands[arg];","command.execute(init(arg, process.cwd()));",""],"l":{"3":4,"4":4,"5":0,"6":0,"9":4,"11":4,"12":0,"13":0,"16":4,"17":4,"19":4,"20":4,"21":4,"22":4,"23":4,"24":4,"26":4,"27":12,"28":12,"31":4,"32":4,"35":4,"36":4,"37":4,"40":4,"41":4}},"/home/travis/build/npmtest/node-npmtest-lerna/node_modules/lerna/lib/commands/index.js":{"path":"/home/travis/build/npmtest/node-npmtest-lerna/node_modules/lerna/lib/commands/index.js","s":{"1":1,"2":1,"3":1},"b":{},"f":{},"fnMap":{},"statementMap":{"1":{"start":{"line":1,"column":0},"end":{"line":1,"column":43}},"2":{"start":{"line":2,"column":0},"end":{"line":2,"column":41}},"3":{"start":{"line":3,"column":0},"end":{"line":3,"column":41}}},"branchMap":{},"code":["exports.bootstrap = require(\"./bootstrap\");","exports.publish   = require(\"./publish\");","exports.updated   = require(\"./updated\");",""],"l":{"1":1,"2":1,"3":1}},"/home/travis/build/npmtest/node-npmtest-lerna/node_modules/lerna/lib/commands/bootstrap.js":{"path":"/home/travis/build/npmtest/node-npmtest-lerna/node_modules/lerna/lib/commands/bootstrap.js","s":{"1":1,"2":1,"3":1,"4":1,"5":1,"6":1,"7":1,"8":1,"9":1,"10":1,"11":0,"12":0,"13":0,"14":0,"15":0,"16":0,"17":0,"18":0,"19":0,"20":0,"21":0,"22":0,"23":0,"24":0,"25":0,"26":0,"27":0,"28":0,"29":0,"30":0,"31":0,"32":0,"33":0,"34":0,"35":0,"36":0,"37":0,"38":0,"39":0,"40":0,"41":0,"42":0,"43":0,"44":0,"45":0,"46":0,"47":0,"48":0,"49":0,"50":0,"51":0,"52":0,"53":0,"54":0,"55":0,"56":0,"57":0,"58":0,"59":0,"60":0,"61":0,"62":0,"63":0,"64":0,"65":0,"66":0,"67":0,"68":0,"69":0},"b":{"1":[0,0],"2":[0,0],"3":[0,0],"4":[0,0],"5":[0,0],"6":[0,0],"7":[0,0],"8":[0,0],"9":[0,0],"10":[0,0],"11":[0,0],"12":[0,0],"13":[0,0],"14":[0,0]},"f":{"1":0,"2":0,"3":0,"4":0,"5":0,"6":0,"7":0,"8":0,"9":0,"10":0,"11":0,"12":0,"13":0,"14":0},"fnMap":{"1":{"name":"(anonymous_1)","line":12,"loc":{"start":{"line":12,"column":18},"end":{"line":12,"column":36}}},"2":{"name":"(anonymous_2)","line":15,"loc":{"start":{"line":15,"column":45},"end":{"line":15,"column":60}}},"3":{"name":"(anonymous_3)","line":34,"loc":{"start":{"line":34,"column":35},"end":{"line":34,"column":51}}},"4":{"name":"(anonymous_4)","line":35,"loc":{"start":{"line":35,"column":11},"end":{"line":35,"column":27}}},"5":{"name":"(anonymous_5)","line":39,"loc":{"start":{"line":39,"column":17},"end":{"line":39,"column":33}}},"6":{"name":"(anonymous_6)","line":43,"loc":{"start":{"line":43,"column":17},"end":{"line":43,"column":33}}},"7":{"name":"(anonymous_7)","line":44,"loc":{"start":{"line":44,"column":29},"end":{"line":44,"column":50}}},"8":{"name":"(anonymous_8)","line":56,"loc":{"start":{"line":56,"column":27},"end":{"line":56,"column":42}}},"9":{"name":"(anonymous_9)","line":59,"loc":{"start":{"line":59,"column":29},"end":{"line":59,"column":44}}},"10":{"name":"(anonymous_10)","line":65,"loc":{"start":{"line":65,"column":30},"end":{"line":65,"column":45}}},"11":{"name":"(anonymous_11)","line":75,"loc":{"start":{"line":75,"column":17},"end":{"line":75,"column":33}}},"12":{"name":"(anonymous_12)","line":78,"loc":{"start":{"line":78,"column":11},"end":{"line":78,"column":42}}},"13":{"name":"(anonymous_13)","line":87,"loc":{"start":{"line":87,"column":17},"end":{"line":87,"column":33}}},"14":{"name":"(anonymous_14)","line":94,"loc":{"start":{"line":94,"column":9},"end":{"line":94,"column":24}}}},"statementMap":{"1":{"start":{"line":1,"column":0},"end":{"line":1,"column":45}},"2":{"start":{"line":2,"column":0},"end":{"line":2,"column":36}},"3":{"start":{"line":3,"column":0},"end":{"line":3,"column":36}},"4":{"start":{"line":4,"column":0},"end":{"line":4,"column":35}},"5":{"start":{"line":5,"column":0},"end":{"line":5,"column":43}},"6":{"start":{"line":6,"column":0},"end":{"line":6,"column":35}},"7":{"start":{"line":7,"column":0},"end":{"line":7,"column":34}},"8":{"start":{"line":8,"column":0},"end":{"line":8,"column":32}},"9":{"start":{"line":10,"column":0},"end":{"line":10,"column":100}},"10":{"start":{"line":12,"column":0},"end":{"line":108,"column":2}},"11":{"start":{"line":14,"column":2},"end":{"line":14,"column":20}},"12":{"start":{"line":15,"column":2},"end":{"line":28,"column":5}},"13":{"start":{"line":16,"column":4},"end":{"line":16,"column":34}},"14":{"start":{"line":17,"column":4},"end":{"line":17,"column":32}},"15":{"start":{"line":17,"column":25},"end":{"line":17,"column":32}},"16":{"start":{"line":19,"column":4},"end":{"line":19,"column":69}},"17":{"start":{"line":20,"column":4},"end":{"line":20,"column":39}},"18":{"start":{"line":20,"column":32},"end":{"line":20,"column":39}},"19":{"start":{"line":22,"column":4},"end":{"line":22,"column":30}},"20":{"start":{"line":23,"column":4},"end":{"line":27,"column":7}},"21":{"start":{"line":30,"column":2},"end":{"line":30,"column":24}},"22":{"start":{"line":32,"column":2},"end":{"line":32,"column":42}},"23":{"start":{"line":34,"column":2},"end":{"line":107,"column":5}},"24":{"start":{"line":35,"column":4},"end":{"line":93,"column":6}},"25":{"start":{"line":36,"column":6},"end":{"line":36,"column":21}},"26":{"start":{"line":37,"column":6},"end":{"line":37,"column":86}},"27":{"start":{"line":39,"column":6},"end":{"line":41,"column":9}},"28":{"start":{"line":40,"column":8},"end":{"line":40,"column":37}},"29":{"start":{"line":43,"column":6},"end":{"line":73,"column":9}},"30":{"start":{"line":44,"column":8},"end":{"line":72,"column":17}},"31":{"start":{"line":45,"column":10},"end":{"line":45,"column":26}},"32":{"start":{"line":46,"column":10},"end":{"line":46,"column":75}},"33":{"start":{"line":46,"column":37},"end":{"line":46,"column":75}},"34":{"start":{"line":47,"column":10},"end":{"line":47,"column":89}},"35":{"start":{"line":47,"column":48},"end":{"line":47,"column":89}},"36":{"start":{"line":48,"column":10},"end":{"line":48,"column":34}},"37":{"start":{"line":48,"column":20},"end":{"line":48,"column":34}},"38":{"start":{"line":51,"column":10},"end":{"line":51,"column":83}},"39":{"start":{"line":51,"column":69},"end":{"line":51,"column":83}},"40":{"start":{"line":53,"column":10},"end":{"line":53,"column":66}},"41":{"start":{"line":54,"column":10},"end":{"line":54,"column":61}},"42":{"start":{"line":56,"column":10},"end":{"line":71,"column":13}},"43":{"start":{"line":57,"column":12},"end":{"line":57,"column":38}},"44":{"start":{"line":57,"column":21},"end":{"line":57,"column":38}},"45":{"start":{"line":59,"column":12},"end":{"line":70,"column":15}},"46":{"start":{"line":60,"column":14},"end":{"line":60,"column":40}},"47":{"start":{"line":60,"column":23},"end":{"line":60,"column":40}},"48":{"start":{"line":62,"column":14},"end":{"line":69,"column":17}},"49":{"start":{"line":66,"column":16},"end":{"line":66,"column":42}},"50":{"start":{"line":66,"column":25},"end":{"line":66,"column":42}},"51":{"start":{"line":68,"column":16},"end":{"line":68,"column":130}},"52":{"start":{"line":75,"column":6},"end":{"line":85,"column":9}},"53":{"start":{"line":76,"column":8},"end":{"line":84,"column":11}},"54":{"start":{"line":79,"column":10},"end":{"line":83,"column":11}},"55":{"start":{"line":80,"column":12},"end":{"line":80,"column":25}},"56":{"start":{"line":82,"column":12},"end":{"line":82,"column":19}},"57":{"start":{"line":87,"column":6},"end":{"line":90,"column":9}},"58":{"start":{"line":88,"column":8},"end":{"line":88,"column":40}},"59":{"start":{"line":88,"column":24},"end":{"line":88,"column":40}},"60":{"start":{"line":89,"column":8},"end":{"line":89,"column":15}},"61":{"start":{"line":92,"column":6},"end":{"line":92,"column":32}},"62":{"start":{"line":96,"column":4},"end":{"line":96,"column":21}},"63":{"start":{"line":98,"column":4},"end":{"line":106,"column":5}},"64":{"start":{"line":99,"column":6},"end":{"line":99,"column":25}},"65":{"start":{"line":100,"column":6},"end":{"line":100,"column":20}},"66":{"start":{"line":101,"column":6},"end":{"line":101,"column":22}},"67":{"start":{"line":103,"column":6},"end":{"line":103,"column":94}},"68":{"start":{"line":104,"column":6},"end":{"line":104,"column":20}},"69":{"start":{"line":105,"column":6},"end":{"line":105,"column":21}}},"branchMap":{"1":{"line":17,"type":"if","locations":[{"start":{"line":17,"column":4},"end":{"line":17,"column":4}},{"start":{"line":17,"column":4},"end":{"line":17,"column":4}}]},"2":{"line":20,"type":"if","locations":[{"start":{"line":20,"column":4},"end":{"line":20,"column":4}},{"start":{"line":20,"column":4},"end":{"line":20,"column":4}}]},"3":{"line":46,"type":"if","locations":[{"start":{"line":46,"column":10},"end":{"line":46,"column":10}},{"start":{"line":46,"column":10},"end":{"line":46,"column":10}}]},"4":{"line":47,"type":"if","locations":[{"start":{"line":47,"column":10},"end":{"line":47,"column":10}},{"start":{"line":47,"column":10},"end":{"line":47,"column":10}}]},"5":{"line":47,"type":"binary-expr","locations":[{"start":{"line":47,"column":14},"end":{"line":47,"column":38}},{"start":{"line":47,"column":42},"end":{"line":47,"column":46}}]},"6":{"line":48,"type":"if","locations":[{"start":{"line":48,"column":10},"end":{"line":48,"column":10}},{"start":{"line":48,"column":10},"end":{"line":48,"column":10}}]},"7":{"line":51,"type":"if","locations":[{"start":{"line":51,"column":10},"end":{"line":51,"column":10}},{"start":{"line":51,"column":10},"end":{"line":51,"column":10}}]},"8":{"line":51,"type":"binary-expr","locations":[{"start":{"line":51,"column":14},"end":{"line":51,"column":28}},{"start":{"line":51,"column":32},"end":{"line":51,"column":67}}]},"9":{"line":57,"type":"if","locations":[{"start":{"line":57,"column":12},"end":{"line":57,"column":12}},{"start":{"line":57,"column":12},"end":{"line":57,"column":12}}]},"10":{"line":60,"type":"if","locations":[{"start":{"line":60,"column":14},"end":{"line":60,"column":14}},{"start":{"line":60,"column":14},"end":{"line":60,"column":14}}]},"11":{"line":66,"type":"if","locations":[{"start":{"line":66,"column":16},"end":{"line":66,"column":16}},{"start":{"line":66,"column":16},"end":{"line":66,"column":16}}]},"12":{"line":79,"type":"if","locations":[{"start":{"line":79,"column":10},"end":{"line":79,"column":10}},{"start":{"line":79,"column":10},"end":{"line":79,"column":10}}]},"13":{"line":88,"type":"if","locations":[{"start":{"line":88,"column":8},"end":{"line":88,"column":8}},{"start":{"line":88,"column":8},"end":{"line":88,"column":8}}]},"14":{"line":98,"type":"if","locations":[{"start":{"line":98,"column":4},"end":{"line":98,"column":4}},{"start":{"line":98,"column":4},"end":{"line":98,"column":4}}]}},"code":["var progressBar = require(\"../progress-bar\");","var mkdirp      = require(\"mkdirp\");","var rimraf      = require(\"rimraf\");","var chalk       = require(\"chalk\");","var child       = require(\"child_process\");","var async       = require(\"async\");","var path        = require(\"path\");","var fs          = require(\"fs\");","","exports.description = \"Link together local packages and npm install remaining package dependencies\";","","exports.execute = function (config) {","  // get packages","  var packages = [];","  fs.readdirSync(config.packagesLoc).forEach(function (loc) {","    var name = path.basename(loc);","    if (name[0] === \".\") return;","","    var pkgLoc = path.join(config.packagesLoc, name, \"package.json\");","    if (!fs.existsSync(pkgLoc)) return;","","    var pkg = require(pkgLoc);","    packages.push({","      folder: name,","      pkg: pkg,","      name: pkg.name","    });","  });","","  var completed = false;","","  var tick = progressBar(packages.length);","","  async.parallelLimit(packages.map(function (root) {","    return function (done) {","      var tasks = [];","      var nodeModulesLoc = path.join(config.packagesLoc, root.folder, \"node_modules\");","","      tasks.push(function (done) {","        mkdirp(nodeModulesLoc, done);","      });","","      tasks.push(function (done) {","        async.each(packages, function (sub, done) {","          var ver = false;","          if (root.pkg.dependencies) ver = root.pkg.dependencies[sub.name];","          if (root.pkg.devDependencies && !ver) ver = root.pkg.devDependencies[sub.name];","          if (!ver) return done();","","          // ensure that this is referring to a local package","          if (ver[0] !== \"^\" || ver[1] !== config.currentVersion[0]) return done();","","          var linkSrc = path.join(config.packagesLoc, sub.folder);","          var linkDest = path.join(nodeModulesLoc, sub.name);","","          rimraf(linkDest, function (err) {","            if (err) return done(err);","","            mkdirp(linkDest, function (err) {","              if (err) return done(err);","","              fs.writeFile(path.join(linkDest, \"package.json\"), JSON.stringify({","                name: sub.name,","                version: require(path.join(linkSrc, \"package.json\")).version","              }, null, \"  \"), function (err) {","                if (err) return done(err);","","                fs.writeFile(path.join(linkDest, \"index.js\"), \"module.exports = require(\" + JSON.stringify(linkSrc) + \");\", done);","              });","            });","          });","        }, done);","      });","","      tasks.push(function (done) {","        child.exec(\"npm install\", {","          cwd: path.join(config.packagesLoc, root.folder)","        }, function (err, stdout, stderr) {","          if (err != null) {","            done(stderr);","          } else {","            done();","          }","        });","      });","","      tasks.push(function (done) {","        if (!completed) tick(root.name);","        done();","      });","","      async.series(tasks, done);","    };","  }), 4, function (err) {","    // don't display the ticker if we hit an error and we still have workers","    completed = true;","","    if (err) {","      console.error(err);","      console.log();","      process.exit(1);","    } else {","      console.log(chalk.green(\"Successfully bootstrapped \" + packages.length + \" packages.\"));","      console.log();","      process.exit();","    }","  });","};",""],"l":{"1":1,"2":1,"3":1,"4":1,"5":1,"6":1,"7":1,"8":1,"10":1,"12":1,"14":0,"15":0,"16":0,"17":0,"19":0,"20":0,"22":0,"23":0,"30":0,"32":0,"34":0,"35":0,"36":0,"37":0,"39":0,"40":0,"43":0,"44":0,"45":0,"46":0,"47":0,"48":0,"51":0,"53":0,"54":0,"56":0,"57":0,"59":0,"60":0,"62":0,"66":0,"68":0,"75":0,"76":0,"79":0,"80":0,"82":0,"87":0,"88":0,"89":0,"92":0,"96":0,"98":0,"99":0,"100":0,"101":0,"103":0,"104":0,"105":0}},"/home/travis/build/npmtest/node-npmtest-lerna/node_modules/lerna/lib/progress-bar.js":{"path":"/home/travis/build/npmtest/node-npmtest-lerna/node_modules/lerna/lib/progress-bar.js","s":{"1":1,"2":1,"3":1,"4":0,"5":0,"6":0},"b":{"1":[0,0]},"f":{"1":0,"2":0},"fnMap":{"1":{"name":"(anonymous_1)","line":4,"loc":{"start":{"line":4,"column":17},"end":{"line":4,"column":34}}},"2":{"name":"(anonymous_2)","line":15,"loc":{"start":{"line":15,"column":9},"end":{"line":15,"column":25}}}},"statementMap":{"1":{"start":{"line":1,"column":0},"end":{"line":1,"column":38}},"2":{"start":{"line":2,"column":0},"end":{"line":2,"column":33}},"3":{"start":{"line":4,"column":0},"end":{"line":20,"column":2}},"4":{"start":{"line":5,"column":2},"end":{"line":13,"column":5}},"5":{"start":{"line":15,"column":2},"end":{"line":19,"column":4}},"6":{"start":{"line":16,"column":4},"end":{"line":18,"column":7}}},"branchMap":{"1":{"line":12,"type":"binary-expr","locations":[{"start":{"line":12,"column":12},"end":{"line":12,"column":34}},{"start":{"line":12,"column":38},"end":{"line":12,"column":41}}]}},"code":["var ProgressBar = require(\"progress\");","var pad         = require(\"pad\");","","module.exports = function (total) {","  var bar = new ProgressBar(\":packagename ╢:bar╟\", {","    total: total,","    complete: \"█\",","    incomplete: \"░\",","    clear: true,","","    // terminal columns - package name length - additional characters length","    width: (process.stdout.columns || 100) - 50 - 3","  });","","  return function (name) {","    bar.tick({","      packagename: pad(name.slice(0, 50), 50)","    });","  };","};",""],"l":{"1":1,"2":1,"4":1,"5":0,"15":0,"16":0}},"/home/travis/build/npmtest/node-npmtest-lerna/node_modules/lerna/lib/commands/publish.js":{"path":"/home/travis/build/npmtest/node-npmtest-lerna/node_modules/lerna/lib/commands/publish.js","s":{"1":1,"2":1,"3":1,"4":1,"5":1,"6":1,"7":1,"8":1,"9":1,"10":1,"11":1,"12":0,"13":0,"14":0,"15":0,"16":0,"17":0,"18":0,"19":0,"20":0,"21":0,"22":0,"23":0,"24":0,"25":0,"26":0,"27":0,"28":1,"29":0,"30":0,"31":0,"32":0,"33":1,"34":0,"35":0,"36":0,"37":1,"38":0,"39":0,"40":0,"41":0,"42":0,"43":0,"44":0,"45":0,"46":1,"47":0,"48":1,"49":0,"50":1,"51":0,"52":0,"53":0,"54":0,"55":0,"56":1,"57":0,"58":0,"59":0,"60":0,"61":0,"62":0,"63":0,"64":0,"65":0,"66":0,"67":1,"68":0,"69":0,"70":0,"71":0,"72":0,"73":0,"74":0,"75":0,"76":0,"77":0,"78":0,"79":0,"80":0,"81":0,"82":0,"83":0,"84":0,"85":0,"86":0,"87":0,"88":0,"89":0,"90":0,"91":0,"92":0,"93":0,"94":0,"95":1,"96":0,"97":0,"98":0,"99":0,"100":0,"101":0,"102":0,"103":1,"104":0,"105":0,"106":0,"107":0,"108":0,"109":0,"110":0,"111":0,"112":0,"113":0,"114":0,"115":0,"116":0,"117":0,"118":0,"119":0,"120":0,"121":0,"122":0,"123":0},"b":{"1":[0,0],"2":[0,0],"3":[0,0],"4":[0,0],"5":[0,0],"6":[0,0],"7":[0,0],"8":[0,0],"9":[0,0],"10":[0,0],"11":[0,0],"12":[0,0],"13":[0,0],"14":[0,0],"15":[0,0],"16":[0,0],"17":[0,0],"18":[0,0]},"f":{"1":0,"2":0,"3":0,"4":0,"5":0,"6":0,"7":0,"8":0,"9":0,"10":0,"11":0,"12":0,"13":0,"14":0,"15":0,"16":0,"17":0,"18":0,"19":0,"20":0,"21":0,"22":0},"fnMap":{"1":{"name":"(anonymous_1)","line":14,"loc":{"start":{"line":14,"column":18},"end":{"line":14,"column":36}}},"2":{"name":"(anonymous_2)","line":29,"loc":{"start":{"line":29,"column":36},"end":{"line":29,"column":50}}},"3":{"name":"updateTag","line":43,"loc":{"start":{"line":43,"column":2},"end":{"line":43,"column":23}}},"4":{"name":"removeTag","line":50,"loc":{"start":{"line":50,"column":2},"end":{"line":50,"column":23}}},"5":{"name":"getVersion","line":57,"loc":{"start":{"line":57,"column":2},"end":{"line":57,"column":24}}},"6":{"name":"execSync","line":73,"loc":{"start":{"line":73,"column":2},"end":{"line":73,"column":25}}},"7":{"name":"getPackageLocation","line":79,"loc":{"start":{"line":79,"column":2},"end":{"line":79,"column":36}}},"8":{"name":"updateDepsObject","line":83,"loc":{"start":{"line":83,"column":2},"end":{"line":83,"column":34}}},"9":{"name":"updateChangedPackages","line":94,"loc":{"start":{"line":94,"column":2},"end":{"line":94,"column":35}}},"10":{"name":"(anonymous_10)","line":95,"loc":{"start":{"line":95,"column":28},"end":{"line":95,"column":44}}},"11":{"name":"(anonymous_11)","line":113,"loc":{"start":{"line":113,"column":25},"end":{"line":113,"column":40}}},"12":{"name":"publish","line":118,"loc":{"start":{"line":118,"column":2},"end":{"line":118,"column":21}}},"13":{"name":"(anonymous_13)","line":119,"loc":{"start":{"line":119,"column":28},"end":{"line":119,"column":44}}},"14":{"name":"(anonymous_14)","line":128,"loc":{"start":{"line":128,"column":44},"end":{"line":128,"column":60}}},"15":{"name":"run","line":131,"loc":{"start":{"line":131,"column":13},"end":{"line":131,"column":32}}},"16":{"name":"(anonymous_16)","line":134,"loc":{"start":{"line":134,"column":69},"end":{"line":134,"column":100}}},"17":{"name":"(anonymous_17)","line":160,"loc":{"start":{"line":160,"column":11},"end":{"line":160,"column":26}}},"18":{"name":"onError","line":166,"loc":{"start":{"line":166,"column":2},"end":{"line":166,"column":24}}},"19":{"name":"ship","line":176,"loc":{"start":{"line":176,"column":2},"end":{"line":176,"column":18}}},"20":{"name":"(anonymous_20)","line":180,"loc":{"start":{"line":180,"column":44},"end":{"line":180,"column":60}}},"21":{"name":"(anonymous_21)","line":181,"loc":{"start":{"line":181,"column":13},"end":{"line":181,"column":29}}},"22":{"name":"(anonymous_22)","line":198,"loc":{"start":{"line":198,"column":11},"end":{"line":198,"column":26}}}},"statementMap":{"1":{"start":{"line":1,"column":0},"end":{"line":1,"column":45}},"2":{"start":{"line":2,"column":0},"end":{"line":2,"column":39}},"3":{"start":{"line":3,"column":0},"end":{"line":3,"column":43}},"4":{"start":{"line":4,"column":0},"end":{"line":4,"column":36}},"5":{"start":{"line":5,"column":0},"end":{"line":5,"column":35}},"6":{"start":{"line":6,"column":0},"end":{"line":6,"column":43}},"7":{"start":{"line":7,"column":0},"end":{"line":7,"column":35}},"8":{"start":{"line":8,"column":0},"end":{"line":8,"column":32}},"9":{"start":{"line":10,"column":0},"end":{"line":10,"column":56}},"10":{"start":{"line":12,"column":0},"end":{"line":12,"column":56}},"11":{"start":{"line":14,"column":0},"end":{"line":207,"column":2}},"12":{"start":{"line":15,"column":2},"end":{"line":15,"column":27}},"13":{"start":{"line":16,"column":2},"end":{"line":16,"column":41}},"14":{"start":{"line":18,"column":2},"end":{"line":18,"column":48}},"15":{"start":{"line":19,"column":2},"end":{"line":19,"column":64}},"16":{"start":{"line":21,"column":2},"end":{"line":21,"column":33}},"17":{"start":{"line":22,"column":2},"end":{"line":22,"column":59}},"18":{"start":{"line":26,"column":2},"end":{"line":37,"column":3}},"19":{"start":{"line":27,"column":4},"end":{"line":27,"column":51}},"20":{"start":{"line":28,"column":4},"end":{"line":28,"column":42}},"21":{"start":{"line":29,"column":4},"end":{"line":31,"column":19}},"22":{"start":{"line":30,"column":6},"end":{"line":30,"column":24}},"23":{"start":{"line":32,"column":4},"end":{"line":32,"column":28}},"24":{"start":{"line":33,"column":4},"end":{"line":33,"column":16}},"25":{"start":{"line":34,"column":4},"end":{"line":34,"column":14}},"26":{"start":{"line":36,"column":4},"end":{"line":36,"column":17}},"27":{"start":{"line":41,"column":2},"end":{"line":41,"column":25}},"28":{"start":{"line":43,"column":2},"end":{"line":48,"column":3}},"29":{"start":{"line":44,"column":4},"end":{"line":44,"column":41}},"30":{"start":{"line":45,"column":4},"end":{"line":45,"column":46}},"31":{"start":{"line":46,"column":4},"end":{"line":46,"column":40}},"32":{"start":{"line":47,"column":4},"end":{"line":47,"column":22}},"33":{"start":{"line":50,"column":2},"end":{"line":55,"column":3}},"34":{"start":{"line":51,"column":4},"end":{"line":54,"column":5}},"35":{"start":{"line":52,"column":6},"end":{"line":52,"column":72}},"36":{"start":{"line":53,"column":6},"end":{"line":53,"column":45}},"37":{"start":{"line":57,"column":2},"end":{"line":71,"column":3}},"38":{"start":{"line":58,"column":4},"end":{"line":58,"column":83}},"39":{"start":{"line":60,"column":4},"end":{"line":60,"column":34}},"40":{"start":{"line":61,"column":4},"end":{"line":63,"column":5}},"41":{"start":{"line":62,"column":6},"end":{"line":62,"column":64}},"42":{"start":{"line":65,"column":4},"end":{"line":70,"column":5}},"43":{"start":{"line":66,"column":6},"end":{"line":66,"column":17}},"44":{"start":{"line":68,"column":6},"end":{"line":68,"column":59}},"45":{"start":{"line":69,"column":6},"end":{"line":69,"column":26}},"46":{"start":{"line":73,"column":2},"end":{"line":77,"column":3}},"47":{"start":{"line":74,"column":4},"end":{"line":76,"column":14}},"48":{"start":{"line":79,"column":2},"end":{"line":81,"column":3}},"49":{"start":{"line":80,"column":4},"end":{"line":80,"column":43}},"50":{"start":{"line":83,"column":2},"end":{"line":92,"column":3}},"51":{"start":{"line":84,"column":4},"end":{"line":91,"column":5}},"52":{"start":{"line":86,"column":6},"end":{"line":86,"column":84}},"53":{"start":{"line":86,"column":75},"end":{"line":86,"column":84}},"54":{"start":{"line":88,"column":6},"end":{"line":90,"column":7}},"55":{"start":{"line":89,"column":8},"end":{"line":89,"column":42}},"56":{"start":{"line":94,"column":2},"end":{"line":116,"column":3}},"57":{"start":{"line":95,"column":4},"end":{"line":111,"column":7}},"58":{"start":{"line":96,"column":6},"end":{"line":96,"column":62}},"59":{"start":{"line":97,"column":6},"end":{"line":97,"column":32}},"60":{"start":{"line":100,"column":6},"end":{"line":100,"column":32}},"61":{"start":{"line":103,"column":6},"end":{"line":103,"column":41}},"62":{"start":{"line":104,"column":6},"end":{"line":104,"column":44}},"63":{"start":{"line":107,"column":6},"end":{"line":107,"column":71}},"64":{"start":{"line":110,"column":6},"end":{"line":110,"column":32}},"65":{"start":{"line":113,"column":4},"end":{"line":115,"column":7}},"66":{"start":{"line":114,"column":6},"end":{"line":114,"column":33}},"67":{"start":{"line":118,"column":2},"end":{"line":164,"column":3}},"68":{"start":{"line":119,"column":4},"end":{"line":123,"column":7}},"69":{"start":{"line":121,"column":6},"end":{"line":121,"column":71}},"70":{"start":{"line":122,"column":6},"end":{"line":122,"column":49}},"71":{"start":{"line":122,"column":33},"end":{"line":122,"column":49}},"72":{"start":{"line":125,"column":4},"end":{"line":125,"column":49}},"73":{"start":{"line":126,"column":4},"end":{"line":126,"column":51}},"74":{"start":{"line":128,"column":4},"end":{"line":163,"column":7}},"75":{"start":{"line":129,"column":6},"end":{"line":129,"column":22}},"76":{"start":{"line":131,"column":6},"end":{"line":159,"column":8}},"77":{"start":{"line":132,"column":8},"end":{"line":132,"column":43}},"78":{"start":{"line":134,"column":8},"end":{"line":158,"column":11}},"79":{"start":{"line":135,"column":10},"end":{"line":149,"column":11}},"80":{"start":{"line":136,"column":12},"end":{"line":136,"column":38}},"81":{"start":{"line":137,"column":12},"end":{"line":148,"column":13}
[...]
,"exports.execute = function (config) {","  var changedPackages = [];","  var changedFiles = [config.versionLoc];","","  var FORCE_VERSION = process.env.FORCE_VERSION;","  FORCE_VERSION = FORCE_VERSION ? FORCE_VERSION.split(\",\") : [];","","  var NEW_VERSION = getVersion();","  fs.writeFileSync(config.versionLoc, NEW_VERSION, \"utf8\");","","  //","","  try {","    changedPackages = checkUpdatedPackages(config);","    console.log(\"Packages to be updated\");","    console.log(changedPackages.map(function(pkg) {","      return \"- \" + pkg;","    }).join(\"\\n\"));","    updateChangedPackages();","    updateTag();","    publish();","  } catch (err) {","    onError(err);","  }","","  //","","  var createdTag = false;","","  function updateTag() {","    var NEW_TAG_NAME = \"v\" + NEW_VERSION;","    execSync(\"git commit -m \" + NEW_TAG_NAME);","    execSync(\"git tag \" + NEW_TAG_NAME);","    createdTag = true;","  }","","  function removeTag() {","    if (createdTag) {","      console.error(chalk.red(\"Attempting to roll back tag creation.\"));","      execSync(\"git tag -d v\" + NEW_VERSION);","    }","  }","","  function getVersion() {","    var input = readline.question(\"New version (Leave blank for patch version): \");","","    var ver = semver.valid(input);","    if (!ver) {","      ver = semver.inc(config.currentVersion, input || \"patch\");","    }","","    if (ver) {","      return ver;","    } else {","      console.log(\"Version provided is not valid semver.\");","      return getVersion();","    }","  }","","  function execSync(cmd) {","    return child.execSync(cmd, {","      encoding: \"utf8\"","    }).trim();","  }","","  function getPackageLocation(name) {","    return config.packagesLoc + \"/\" + name;","  }","","  function updateDepsObject(deps) {","    for (var depName in deps) {","      // ensure this was generated and we're on the same major","      if (deps[depName][0] !== \"^\" || deps[depName][1] !== NEW_VERSION[0]) continue;","","      if (changedPackages.indexOf(depName) >= 0) {","        deps[depName] = \"^\" + NEW_VERSION;","      }","    }","  }","","  function updateChangedPackages() {","    changedPackages.forEach(function (name) {","      var pkgLoc = getPackageLocation(name) + \"/package.json\";","      var pkg = require(pkgLoc);","","      // set new version","      pkg.version = NEW_VERSION;","","      // updated dependencies","      updateDepsObject(pkg.dependencies);","      updateDepsObject(pkg.devDependencies);","","      // write new package","      fs.writeFileSync(pkgLoc, JSON.stringify(pkg, null, \"  \") + \"\\n\");","","      // push to be git committed","      changedFiles.push(pkgLoc);","    });","","    changedFiles.forEach(function (loc) {","      execSync(\"git add \" + loc);","    });","  }","","  function publish() {","    changedPackages.forEach(function (name) {","      // prepublish script","      var prePub = getPackageLocation(name) + \"/scripts/prepublish.js\";","      if (fs.existsSync(prePub)) require(prePub);","    });","","    console.log(\"Publishing tagged packages...\");","    var tick = progressBar(changedPackages.length);","","    async.parallelLimit(changedPackages.map(function (name) {","      var retries = 0;","","      return function run(done) {","        var loc = getPackageLocation(name);","","        child.exec(\"cd \" + loc + \" && npm publish --tag prerelease\", function (err, stdout, stderr) {","          if (err || stderr) {","            err = stderr || err.stack;","            if (err.indexOf(\"You cannot publish over the previously published version\") < 0) {","              if (++retries < 5) {","                console.log(chalk.yellow(\"Attempting to retry publishing \" + name + \"...\"));","                return run(done);","              } else {","                console.log(chalk.red(\"Ran out of retries while publishing \" + name));","                return done(err);","              }","            } else {","              // publishing over an existing package which is likely due to a timeout or something","              return done();","            }","          }","","          tick(name);","","          // postpublish script","          var postPub = loc + \"/scripts/postpublish.js\";","          if (fs.existsSync(postPub)) require(postPub);","","          done();","        });","      };","    }), 4, function (err) {","      onError(err);","      ship();","    });","  }","","  function onError(err) {","    if (!err) return;","","    console.log();","    console.error(chalk.red(\"There was a problem publishing.\"));","    removeTag();","    console.error(err.stack || err);","    process.exit(1);","  }","","  function ship() {","    console.log(\"Setting latest npm tags...\");","    var tick = progressBar(changedPackages.length);","","    async.parallelLimit(changedPackages.map(function (name) {","      return function (done) {","        while (true) {","          try {","            execSync(\"npm dist-tag rm \" + name + \" prerelease\");","            if (process.env.NPM_DIST_TAG) {","              execSync(\"npm dist-tag add \" + name + \"@\" + NEW_VERSION + \" \" + process.env.NPM_DIST_TAG);","            } else {","              execSync(\"npm dist-tag add \" + name + \"@\" + NEW_VERSION + \" latest\");","            }","            tick(name);","            break;","          } catch (err) {","            console.error(err.stack);","          }","        }","        done();","      };","    }), 4, function (err) {","      onError(err);","      execSync(\"git push\");","      execSync(\"git push --tags\");","      console.log();","      console.log(chalk.green(\"Successfully published \" + NEW_VERSION + \".\"));","      process.exit();","    });","  }","};",""],"l":{"1":1,"2":1,"3":1,"4":1,"5":1,"6":1,"7":1,"8":1,"10":1,"12":1,"14":1,"15":0,"16":0,"18":0,"19":0,"21":0,"22":0,"26":0,"27":0,"28":0,"29":0,"30":0,"32":0,"33":0,"34":0,"36":0,"41":0,"43":1,"44":0,"45":0,"46":0,"47":0,"50":1,"51":0,"52":0,"53":0,"57":1,"58":0,"60":0,"61":0,"62":0,"65":0,"66":0,"68":0,"69":0,"73":1,"74":0,"79":1,"80":0,"83":1,"84":0,"86":0,"88":0,"89":0,"94":1,"95":0,"96":0,"97":0,"100":0,"103":0,"104":0,"107":0,"110":0,"113":0,"114":0,"118":1,"119":0,"121":0,"122":0,"125":0,"126":0,"128":0,"129":0,"131":0,"132":0,"134":0,"135":0,"136":0,"137":0,"138":0,"139":0,"140":0,"142":0,"143":0,"147":0,"151":0,"154":0,"155":0,"157":0,"161":0,"162":0,"166":1,"167":0,"169":0,"170":0,"171":0,"172":0,"173":0,"176":1,"177":0,"178":0,"180":0,"181":0,"182":0,"183":0,"184":0,"185":0,"186":0,"188":0,"190":0,"191":0,"193":0,"196":0,"199":0,"200":0,"201":0,"202":0,"203":0,"204":0}},"/home/travis/build/npmtest/node-npmtest-lerna/node_modules/lerna/lib/commands/updated.js":{"path":"/home/travis/build/npmtest/node-npmtest-lerna/node_modules/lerna/lib/commands/updated.js","s":{"1":1,"2":1,"3":1,"4":1,"5":1,"6":1,"7":0,"8":0,"9":0,"10":1,"11":0,"12":0,"13":0,"14":0,"15":0,"16":0,"17":0,"18":0,"19":0,"20":0,"21":0,"22":0,"23":0,"24":0,"25":0,"26":0,"27":0,"28":0,"29":0,"30":0,"31":0,"32":0,"33":0,"34":0,"35":0,"36":0,"37":0,"38":0,"39":1,"40":0,"41":1,"42":0,"43":1,"44":0},"b":{"1":[0,0],"2":[0,0],"3":[0,0],"4":[0,0],"5":[0,0],"6":[0,0,0],"7":[0,0],"8":[0,0],"9":[0,0]},"f":{"1":0,"2":0,"3":0,"4":0,"5":0,"6":0,"7":0,"8":0},"fnMap":{"1":{"name":"(anonymous_1)","line":8,"loc":{"start":{"line":8,"column":18},"end":{"line":8,"column":36}}},"2":{"name":"(anonymous_2)","line":9,"loc":{"start":{"line":9,"column":65},"end":{"line":9,"column":79}}},"3":{"name":"(anonymous_3)","line":16,"loc":{"start":{"line":16,"column":31},"end":{"line":16,"column":49}}},"4":{"name":"(anonymous_4)","line":23,"loc":{"start":{"line":23,"column":63},"end":{"line":23,"column":79}}},"5":{"name":"(anonymous_5)","line":38,"loc":{"start":{"line":38,"column":23},"end":{"line":38,"column":39}}},"6":{"name":"getPackageLocation","line":65,"loc":{"start":{"line":65,"column":0},"end":{"line":65,"column":42}}},"7":{"name":"getPackageConfig","line":69,"loc":{"start":{"line":69,"column":0},"end":{"line":69,"column":40}}},"8":{"name":"execSync","line":73,"loc":{"start":{"line":73,"column":0},"end":{"line":73,"column":23}}}},"statementMap":{"1":{"start":{"line":1,"column":0},"end":{"line":1,"column":45}},"2":{"start":{"line":2,"column":0},"end":{"line":2,"column":35}},"3":{"start":{"line":3,"column":0},"end":{"line":3,"column":43}},"4":{"start":{"line":4,"column":0},"end":{"line":4,"column":32}},"5":{"start":{"line":6,"column":0},"end":{"line":6,"column":81}},"6":{"start":{"line":8,"column":0},"end":{"line":14,"column":1}},"7":{"start":{"line":9,"column":2},"end":{"line":11,"column":16}},"8":{"start":{"line":10,"column":4},"end":{"line":10,"column":22}},"9":{"start":{"line":13,"column":2},"end":{"line":13,"column":31}},"10":{"start":{"line":16,"column":0},"end":{"line":63,"column":1}},"11":{"start":{"line":17,"column":2},"end":{"line":17,"column":27}},"12":{"start":{"line":18,"column":2},"end":{"line":18,"column":48}},"13":{"start":{"line":19,"column":2},"end":{"line":19,"column":64}},"14":{"start":{"line":21,"column":2},"end":{"line":21,"column":38}},"15":{"start":{"line":23,"column":2},"end":{"line":25,"column":5}},"16":{"start":{"line":24,"column":4},"end":{"line":24,"column":89}},"17":{"start":{"line":27,"column":2},"end":{"line":27,"column":46}},"18":{"start":{"line":29,"column":2},"end":{"line":29,"column":38}},"19":{"start":{"line":30,"column":2},"end":{"line":30,"column":20}},"20":{"start":{"line":31,"column":2},"end":{"line":31,"column":14}},"21":{"start":{"line":33,"column":2},"end":{"line":36,"column":3}},"22":{"start":{"line":34,"column":4},"end":{"line":34,"column":66}},"23":{"start":{"line":35,"column":4},"end":{"line":35,"column":63}},"24":{"start":{"line":38,"column":2},"end":{"line":55,"column":5}},"25":{"start":{"line":39,"column":4},"end":{"line":39,"column":45}},"26":{"start":{"line":40,"column":4},"end":{"line":40,"column":15}},"27":{"start":{"line":42,"column":4},"end":{"line":42,"column":28}},"28":{"start":{"line":42,"column":21},"end":{"line":42,"column":28}},"29":{"start":{"line":44,"column":4},"end":{"line":47,"column":5}},"30":{"start":{"line":45,"column":6},"end":{"line":45,"column":33}},"31":{"start":{"line":46,"column":6},"end":{"line":46,"column":13}},"32":{"start":{"line":50,"column":4},"end":{"line":51,"column":91}},"33":{"start":{"line":52,"column":4},"end":{"line":54,"column":5}},"34":{"start":{"line":53,"column":6},"end":{"line":53,"column":33}},"35":{"start":{"line":57,"column":2},"end":{"line":62,"column":3}},"36":{"start":{"line":58,"column":4},"end":{"line":58,"column":64}},"37":{"start":{"line":59,"column":4},"end":{"line":59,"column":20}},"38":{"start":{"line":61,"column":4},"end":{"line":61,"column":27}},"39":{"start":{"line":65,"column":0},"end":{"line":67,"column":1}},"40":{"start":{"line":66,"column":2},"end":{"line":66,"column":41}},"41":{"start":{"line":69,"column":0},"end":{"line":71,"column":1}},"42":{"start":{"line":70,"column":2},"end":{"line":70,"column":69}},"43":{"start":{"line":73,"column":0},"end":{"line":77,"column":1}},"44":{"start":{"line":74,"column":2},"end":{"line":76,"column":12}}},"branchMap":{"1":{"line":19,"type":"cond-expr","locations":[{"start":{"line":19,"column":34},"end":{"line":19,"column":58}},{"start":{"line":19,"column":61},"end":{"line":19,"column":63}}]},"2":{"line":24,"type":"binary-expr","locations":[{"start":{"line":24,"column":11},"end":{"line":24,"column":26}},{"start":{"line":24,"column":30},"end":{"line":24,"column":88}}]},"3":{"line":33,"type":"if","locations":[{"start":{"line":33,"column":2},"end":{"line":33,"column":2}},{"start":{"line":33,"column":2},"end":{"line":33,"column":2}}]},"4":{"line":42,"type":"if","locations":[{"start":{"line":42,"column":4},"end":{"line":42,"column":4}},{"start":{"line":42,"column":4},"end":{"line":42,"column":4}}]},"5":{"line":44,"type":"if","locations":[{"start":{"line":44,"column":4},"end":{"line":44,"column":4}},{"start":{"line":44,"column":4},"end":{"line":44,"column":4}}]},"6":{"line":50,"type":"binary-expr","locations":[{"start":{"line":50,"column":15},"end":{"line":50,"column":46}},{"start":{"line":50,"column":50},"end":{"line":50,"column":82}},{"start":{"line":51,"column":15},"end":{"line":51,"column":90}}]},"7":{"line":52,"type":"if","locations":[{"start":{"line":52,"column":4},"end":{"line":52,"column":4}},{"start":{"line":52,"column":4},"end":{"line":52,"column":4}}]},"8":{"line":57,"type":"if","locations":[{"start":{"line":57,"column":2},"end":{"line":57,"column":2}},{"start":{"line":57,"column":2},"end":{"line":57,"column":2}}]},"9":{"line":57,"type":"binary-expr","locations":[{"start":{"line":57,"column":6},"end":{"line":57,"column":29}},{"start":{"line":57,"column":33},"end":{"line":57,"column":54}}]}},"code":["var progressBar = require(\"../progress-bar\");","var chalk       = require(\"chalk\");","var child       = require(\"child_process\");","var fs          = require(\"fs\");","","exports.description = \"Check which packages have changed since the last release\";","","exports.execute = function (config) {","  var changedPackages = exports.checkUpdatedPackages(config).map(function(pkg) {","    return \"- \" + pkg;","  }).join(\"\\n\");","","  console.log(changedPackages);","}","","exports.checkUpdatedPackages = function (config) {","  var changedPackages = [];","  var FORCE_VERSION = process.env.FORCE_VERSION;","  FORCE_VERSION = FORCE_VERSION ? FORCE_VERSION.split(\",\") : [];","","  console.log(\"Checking packages...\");","","  var packageNames = fs.readdirSync(config.packagesLoc).filter(function (name) {","    return name[0] !== \".\" && fs.statSync(config.packagesLoc + \"/\" + name).isDirectory();","  });","","  var tick = progressBar(packageNames.length);","","  var hasTags = !!execSync(\"git tag\");","  var lastTagCommit;","  var lastTag;","","  if (hasTags) {","    lastTagCommit = execSync(\"git rev-list --tags --max-count=1\");","    lastTag = execSync(\"git describe --tags \" + lastTagCommit);","  }","","  packageNames.forEach(function (name) {","    var cfg = getPackageConfig(config, name);","    tick(name);","","    if (cfg.private) return;","","    if (!hasTags) {","      changedPackages.push(name);","      return;","    }","","    // check if package has changed since last release","    var diff = FORCE_VERSION.indexOf(\"*\") >= 0 || FORCE_VERSION.indexOf(name) >= 0 ||","               execSync(\"git diff \" + lastTag + \" -- \" + getPackageLocation(config, name));","    if (diff) {","      changedPackages.push(name);","    }","  });","","  if (!changedPackages.length && !FORCE_VERSION.length) {","    console.error(chalk.red(\"No updated packages to publish.\"));","    process.exit(1);","  } else {","    return changedPackages;","  }","}","","function getPackageLocation(config, name) {","  return config.packagesLoc + \"/\" + name;","}","","function getPackageConfig(config, name) {","  return require(getPackageLocation(config, name) + \"/package.json\");","}","","function execSync(cmd) {","  return child.execSync(cmd, {","    encoding: \"utf8\"","  }).trim();","}",""],"l":{"1":1,"2":1,"3":1,"4":1,"6":1,"8":1,"9":0,"10":0,"13":0,"16":1,"17":0,"18":0,"19":0,"21":0,"23":0,"24":0,"27":0,"29":0,"30":0,"31":0,"33":0,"34":0,"35":0,"38":0,"39":0,"40":0,"42":0,"44":0,"45":0,"46":0,"50":0,"52":0,"53":0,"57":0,"58":0,"59":0,"61":0,"65":1,"66":0,"69":1,"70":0,"73":1,"74":0}},"/home/travis/build/npmtest/node-npmtest-lerna/node_modules/lerna/lib/init.js":{"path":"/home/travis/build/npmtest/node-npmtest-lerna/node_modules/lerna/lib/init.js","s":{"1":1,"2":1,"3":1,"4":1,"5":0,"6":0,"7":0,"8":0,"9":0,"10":0,"11":0,"12":0,"13":0,"14":0,"15":0,"16":0,"17":0,"18":0,"19":0,"20":0,"21":0,"22":0,"23":0,"24":0,"25":0,"26":0,"27":0,"28":0},"b":{"1":[0,0],"2":[0,0],"3":[0,0]},"f":{"1":0},"fnMap":{"1":{"name":"(anonymous_1)","line":5,"loc":{"start":{"line":5,"column":17},"end":{"line":5,"column":37}}}},"statementMap":{"1":{"start":{"line":1,"column":0},"end":{"line":1,"column":29}},"2":{"start":{"line":2,"column":0},"end":{"line":2,"column":28}},"3":{"start":{"line":3,"column":0},"end":{"line":3,"column":26}},"4":{"start":{"line":5,"column":0},"end":{"line":48,"column":2}},"5":{"start":{"line":6,"column":2},"end":{"line":6,"column":51}},"6":{"start":{"line":7,"column":2},"end":{"line":7,"column":16}},"7":{"start":{"line":8,"column":2},"end":{"line":8,"column":60}},"8":{"start":{"line":9,"column":2},"end":{"line":9,"column":16}},"9":{"start":{"line":11,"column":2},"end":{"line":11,"column":18}},"10":{"start":{"line":13,"column":2},"end":{"line":13,"column":50}},"11":{"start":{"line":15,"column":2},"end":{"line":18,"column":3}},"12":{"start":{"line":16,"column":4},"end":{"line":16,"column":45}},"13":{"start":{"line":17,"column":4},"end":{"line":17,"column":37}},"14":{"start":{"line":20,"column":2},"end":{"line":20,"column":53}},"15":{"start":{"line":22,"column":2},"end":{"line":30,"column":3}},"16":{"start":{"line":23,"column":4},"end":{"line":23,"column":41}},"17":{"start":{"line":24,"column":4},"end":{"line":29,"column":20}},"18":{"start":{"line":32,"column":2},"end":{"line":32,"column":49}},"19":{"start":{"line":34,"column":2},"end":{"line":40,"column":3}},"20":{"start":{"line":35,"column":4},"end":{"line":35,"column":78}},"21":{"start":{"line":37,"column":4},"end":{"line":37,"column":42}},"22":{"start":{"line":38,"column":4},"end":{"line":38,"column":49}},"23":{"start":{"line":39,"column":4},"end":{"line":39,"column":36}},"24":{"start":{"line":42,"column":2},"end":{"line":42,"column":59}},"25":{"start":{"line":43,"column":2},"end":{"line":43,"column":61}},"26":{"start":{"line":44,"column":2},"end":{"line":44,"column":58}},"27":{"start":{"line":45,"column":2},"end":{"line":45,"column":16}},"28":{"start":{"line":47,"column":2},"end":{"line":47,"column":16}}},"branchMap":{"1":{"line":15,"type":"if","locations":[{"start":{"line":15,"column":2},"end":{"line":15,"column":2}},{"start":{"line":15,"column":2},"end":{"line":15,"column":2}}]},"2":{"line":22,"type":"if","locations":[{"start":{"line":22,"column":2},"end":{"line":22,"column":2}},{"start":{"line":22,"column":2},"end":{"line":22,"column":2}}]},"3":{"line":34,"type":"if","locations":[{"start":{"line":34,"column":2},"end":{"line":34,"column":2}},{"start":{"line":34,"column":2},"end":{"line":34,"column":2}}]}},"code":["var chalk = require(\"chalk\");","var path  = require(\"path\");","var fs    = require(\"fs\");","","module.exports = function (cmd, cwd) {","  var version = require(\"../package.json\").version;","  console.log();","  console.log(chalk.bold(\"Lerna \" + cmd +  \" v\" + version));","  console.log();","","  var config = {};","","  config.packagesLoc = path.join(cwd, \"packages\");","","  if (!fs.existsSync(config.packagesLoc)) {","    console.log(\"Creating packages folder.\");","    fs.mkdirSync(config.packagesLoc);","  }","","  config.packageLoc = path.join(cwd, \"package.json\");","","  if (!fs.existsSync(config.packageLoc)) {","    console.log(\"Creating package.json\");","    fs.writeFileSync(config.packageLoc, JSON.stringify({","      private: true,","      dependencies: {","        lerna: \"^\" + version,","      }","    }, null, \"  \"));","  }","","  config.versionLoc  = path.join(cwd, \"VERSION\");","","  if (fs.existsSync(config.versionLoc)) {","    config.currentVersion = fs.readFileSync(config.versionLoc, \"utf8\").trim();","  } else {","    console.log(\"Creating VERSION file.\");","    fs.writeFileSync(config.versionLoc, \"0.0.0\");","    config.currentVersion = \"0.0.0\";","  }","","  console.log(\"Current version: \" + config.currentVersion);","  console.log(\"Version file location: \" + config.versionLoc);","  console.log(\"Packages location: \" + config.packagesLoc);","  console.log();","","  return config;","};",""],"l":{"1":1,"2":1,"3":1,"5":1,"6":0,"7":0,"8":0,"9":0,"11":0,"13":0,"15":0,"16":0,"17":0,"20":0,"22":0,"23":0,"24":0,"32":0,"34":0,"35":0,"37":0,"38":0,"39":0,"42":0,"43":0,"44":0,"45":0,"47":0}}}